
TN:
SF:js/actions/gndownload.js
FN:14,downloadMetaData
FN:22,downloadMetaDataComplete
FNF:2
FNH:2
FNDA:2,downloadMetaData
FNDA:2,downloadMetaDataComplete
DA:11,1
DA:12,1
DA:15,2
DA:23,2
LF:4
LH:4
BRF:0
BRH:0
end_of_record
TN:
SF:js/actions/gnresource.js
FN:56,resourceLoading
FN:67,setResource
FN:79,updateResource
FN:90,editTitleResource
FN:102,editAbstractResource
FN:115,editThumbnailResource
FN:124,setResourceThumbnail
FN:135,setResourceType
FN:146,resourceError
FN:157,updateResourceProperties
FN:167,setNewResource
FN:177,setResourceId
FN:190,setResourcePermissions
FN:204,setSelectedDatasetPermissions
FN:215,setFavoriteResource
FN:227,enableMapThumbnailViewer
FN:238,setMapThumbnail
FN:245,requestResourceConfig
FN:253,requestNewResourceConfig
FN:261,loadingResourceConfig
FN:268,resourceConfigError
FN:275,resetResourceState
FN:281,setResourceCompactPermissions
FN:288,updateResourceCompactPermissions
FN:295,resetGeoLimits
FN:301,processResources
FN:310,downloadResource
FN:317,downloadComplete
FN:324,setResourceExtent
FN:331,setResourcePathParameters
FN:341,manageLinkedResource
FN:351,setMapViewerLinkedResource
FN:361,setDefaultViewerPlugins
FN:372,setSelectedLayer
FN:382,updateLayerDataset
FN:392,setLayerDataset
FN:399,requestResource
FNF:37
FNH:17
FNDA:1,resourceLoading
FNDA:5,setResource
FNDA:6,updateResource
FNDA:0,editTitleResource
FNDA:0,editAbstractResource
FNDA:1,editThumbnailResource
FNDA:3,setResourceThumbnail
FNDA:1,setResourceType
FNDA:1,resourceError
FNDA:3,updateResourceProperties
FNDA:0,setNewResource
FNDA:1,setResourceId
FNDA:1,setResourcePermissions
FNDA:1,setSelectedDatasetPermissions
FNDA:0,setFavoriteResource
FNDA:1,enableMapThumbnailViewer
FNDA:0,setMapThumbnail
FNDA:0,requestResourceConfig
FNDA:0,requestNewResourceConfig
FNDA:0,loadingResourceConfig
FNDA:0,resourceConfigError
FNDA:0,resetResourceState
FNDA:0,setResourceCompactPermissions
FNDA:0,updateResourceCompactPermissions
FNDA:1,resetGeoLimits
FNDA:0,processResources
FNDA:1,downloadResource
FNDA:1,downloadComplete
FNDA:0,setResourceExtent
FNDA:0,setResourcePathParameters
FNDA:0,manageLinkedResource
FNDA:1,setMapViewerLinkedResource
FNDA:0,setDefaultViewerPlugins
FNDA:1,setSelectedLayer
FNDA:0,updateLayerDataset
FNDA:0,setLayerDataset
FNDA:0,requestResource
DA:9,1
DA:10,1
DA:11,1
DA:12,1
DA:13,1
DA:14,1
DA:15,1
DA:16,1
DA:17,1
DA:18,1
DA:19,1
DA:20,1
DA:21,1
DA:22,1
DA:23,1
DA:24,1
DA:25,1
DA:26,1
DA:27,1
DA:28,1
DA:29,1
DA:30,1
DA:31,1
DA:32,1
DA:33,1
DA:34,1
DA:35,1
DA:36,1
DA:37,1
DA:38,1
DA:39,1
DA:40,1
DA:41,1
DA:42,1
DA:43,1
DA:44,1
DA:45,1
DA:57,1
DA:68,5
DA:80,6
DA:92,0
DA:104,0
DA:117,1
DA:126,3
DA:136,1
DA:147,1
DA:158,3
DA:168,0
DA:178,1
DA:191,1
DA:205,1
DA:217,0
DA:228,1
DA:239,0
DA:246,0
DA:254,0
DA:262,0
DA:269,0
DA:276,0
DA:282,0
DA:289,0
DA:296,1
DA:302,0
DA:311,1
DA:318,1
DA:325,0
DA:332,0
DA:342,0
DA:352,1
DA:362,0
DA:373,1
DA:383,0
DA:393,0
DA:400,0
LF:74
LH:54
BRDA:115,0,0,0
BRF:1
BRH:0
end_of_record
TN:
SF:js/actions/gnsave.js
FN:24,savingResource
FN:34,saveSuccess
FN:45,saveError
FN:55,clearSave
FN:68,saveContent
FN:81,saveDirectContent
FNF:6
FNH:6
FNDA:8,savingResource
FNDA:7,saveSuccess
FNDA:1,saveError
FNDA:1,clearSave
FNDA:5,saveContent
FNDA:13,saveDirectContent
DA:9,1
DA:10,1
DA:11,1
DA:12,1
DA:13,1
DA:14,1
DA:25,8
DA:35,7
DA:46,1
DA:56,1
DA:69,5
DA:82,13
LF:12
LH:12
BRF:0
BRH:0
end_of_record
TN:
SF:js/actions/gnsync.js
FN:13,syncResources
FNF:1
FNH:1
FNDA:2,syncResources
DA:11,1
DA:14,2
LF:2
LH:2
BRF:0
BRH:0
end_of_record
TN:
SF:js/actions/resourceservice.js
FN:13,startAsyncProcess
FN:20,updateAsyncProcess
FN:27,stopAsyncProcess
FNF:3
FNH:2
FNDA:4,startAsyncProcess
FNDA:0,updateAsyncProcess
FNDA:2,stopAsyncProcess
DA:9,1
DA:10,1
DA:11,1
DA:14,4
DA:21,0
DA:28,2
LF:6
LH:5
BRF:0
BRH:0
end_of_record
TN:
SF:js/api/geonode/config/index.js
FN:14,(anonymous_0)
FN:16,(anonymous_1)
FN:17,(anonymous_2)
FN:21,(anonymous_3)
FN:27,(anonymous_4)
FN:29,(anonymous_5)
FN:30,(anonymous_6)
FN:34,(anonymous_7)
FN:40,(anonymous_8)
FN:42,(anonymous_9)
FN:43,(anonymous_10)
FN:49,(anonymous_11)
FN:53,(anonymous_12)
FNF:13
FNH:0
FNDA:0,(anonymous_0)
FNDA:0,(anonymous_1)
FNDA:0,(anonymous_2)
FNDA:0,(anonymous_3)
FNDA:0,(anonymous_4)
FNDA:0,(anonymous_5)
FNDA:0,(anonymous_6)
FNDA:0,(anonymous_7)
FNDA:0,(anonymous_8)
FNDA:0,(anonymous_9)
FNDA:0,(anonymous_10)
FNDA:0,(anonymous_11)
FNDA:0,(anonymous_12)
DA:12,1
DA:14,1
DA:15,0
DA:16,0
DA:18,0
DA:19,0
DA:21,0
DA:27,1
DA:28,0
DA:29,0
DA:31,0
DA:32,0
DA:34,0
DA:40,1
DA:41,0
DA:42,0
DA:44,0
DA:45,0
DA:49,1
DA:50,0
DA:54,0
DA:55,0
LF:22
LH:5
BRDA:14,0,0,0
BRDA:15,1,0,0
BRDA:15,1,1,0
BRDA:21,2,0,0
BRDA:21,2,1,0
BRDA:27,3,0,0
BRDA:28,4,0,0
BRDA:28,4,1,0
BRDA:34,5,0,0
BRDA:34,5,1,0
BRDA:40,6,0,0
BRDA:41,7,0,0
BRDA:41,7,1,0
BRDA:50,8,0,0
BRDA:50,8,1,0
BRF:15
BRH:0
end_of_record
TN:
SF:js/api/geonode/security/index.js
FN:17,geoJSONToWKT
FN:20,(anonymous_1)
FN:42,wktToGeoJSON
FN:48,(anonymous_3)
FN:66,(anonymous_4)
FN:68,(anonymous_5)
FN:71,(anonymous_6)
FN:74,(anonymous_7)
FN:77,(anonymous_8)
FN:79,(anonymous_9)
FNF:10
FNH:0
FNDA:0,geoJSONToWKT
FNDA:0,(anonymous_1)
FNDA:0,wktToGeoJSON
FNDA:0,(anonymous_3)
FNDA:0,(anonymous_4)
FNDA:0,(anonymous_5)
FNDA:0,(anonymous_6)
FNDA:0,(anonymous_7)
FNDA:0,(anonymous_8)
FNDA:0,(anonymous_9)
DA:14,1
DA:15,1
DA:18,0
DA:19,0
DA:20,0
DA:21,0
DA:22,0
DA:26,0
DA:35,0
DA:36,0
DA:38,0
DA:43,0
DA:44,0
DA:45,0
DA:46,0
DA:47,0
DA:49,0
DA:50,0
DA:60,0
DA:62,0
DA:66,1
DA:67,0
DA:68,0
DA:71,1
DA:72,0
DA:73,0
DA:74,0
DA:77,1
DA:78,0
DA:79,0
LF:30
LH:5
BRDA:21,0,0,0
BRDA:21,0,1,0
BRDA:47,1,0,0
BRDA:47,1,1,0
BRDA:66,2,0,0
BRDA:71,3,0,0
BRDA:77,4,0,0
BRF:7
BRH:0
end_of_record
TN:
SF:js/api/geonode/user/index.js
FN:17,(anonymous_0)
FN:24,(anonymous_1)
FNF:2
FNH:0
FNDA:0,(anonymous_0)
FNDA:0,(anonymous_1)
DA:17,1
DA:18,0
DA:19,0
DA:24,0
LF:4
LH:1
BRDA:21,0,0,0
BRDA:21,0,1,0
BRF:2
BRH:0
end_of_record
TN:
SF:js/api/geonode/v2/constants.js
FN:55,(anonymous_0)
FN:59,(anonymous_1)
FN:66,(anonymous_2)
FN:74,(anonymous_3)
FN:80,mergeCustomQuery
FN:85,(anonymous_5)
FN:104,(anonymous_6)
FN:106,(anonymous_7)
FN:107,(anonymous_8)
FNF:9
FNH:1
FNDA:0,(anonymous_0)
FNDA:16,(anonymous_1)
FNDA:0,(anonymous_2)
FNDA:0,(anonymous_3)
FNDA:0,mergeCustomQuery
FNDA:0,(anonymous_5)
FNDA:0,(anonymous_6)
FNDA:0,(anonymous_7)
FNDA:0,(anonymous_8)
DA:20,1
DA:41,1
DA:42,1
DA:43,1
DA:44,1
DA:45,1
DA:46,1
DA:47,1
DA:48,1
DA:49,1
DA:50,1
DA:51,1
DA:52,1
DA:53,1
DA:55,1
DA:56,0
DA:59,1
DA:60,16
DA:66,1
DA:67,0
DA:68,0
DA:69,0
DA:75,0
DA:76,0
DA:81,0
DA:82,0
DA:86,0
DA:87,0
DA:89,0
DA:90,0
DA:92,0
DA:93,0
DA:95,0
DA:96,0
DA:98,0
DA:102,0
DA:104,1
DA:105,0
DA:106,0
DA:107,0
DA:108,0
LF:41
LH:19
BRDA:60,0,0,10
BRDA:60,0,1,6
BRDA:71,1,0,0
BRDA:71,1,1,0
BRDA:81,2,0,0
BRDA:81,2,1,0
BRDA:86,3,0,0
BRDA:86,3,1,0
BRDA:86,4,0,0
BRDA:86,4,1,0
BRDA:89,5,0,0
BRDA:89,5,1,0
BRDA:89,6,0,0
BRDA:89,6,1,0
BRDA:92,7,0,0
BRDA:92,7,1,0
BRDA:92,8,0,0
BRDA:92,8,1,0
BRDA:95,9,0,0
BRDA:95,9,1,0
BRDA:95,10,0,0
BRDA:95,10,1,0
BRDA:105,11,0,0
BRDA:105,11,1,0
BRDA:106,12,0,0
BRDA:106,12,1,0
BRDA:107,13,0,0
BRDA:107,13,1,0
BRF:28
BRH:2
end_of_record
TN:
SF:js/api/geonode/v2/index.js
FN:51,(anonymous_0)
FN:78,(anonymous_1)
FN:83,(anonymous_2)
FN:90,(anonymous_3)
FN:114,(anonymous_4)
FN:119,(anonymous_5)
FN:126,(anonymous_6)
FN:150,(anonymous_7)
FN:159,(anonymous_8)
FN:184,(anonymous_9)
FN:189,(anonymous_10)
FN:196,(anonymous_11)
FN:198,(anonymous_12)
FN:201,(anonymous_13)
FN:203,(anonymous_14)
FN:206,(anonymous_15)
FN:208,(anonymous_16)
FN:211,(anonymous_17)
FN:214,(anonymous_18)
FN:217,(anonymous_19)
FN:223,(anonymous_20)
FN:226,(anonymous_21)
FN:233,(anonymous_22)
FN:236,(anonymous_23)
FN:242,(anonymous_24)
FN:245,(anonymous_25)
FN:251,(anonymous_26)
FN:254,(anonymous_27)
FN:261,(anonymous_28)
FN:264,(anonymous_29)
FN:271,(anonymous_30)
FN:274,(anonymous_31)
FN:276,(anonymous_32)
FN:276,(anonymous_33)
FN:279,(anonymous_34)
FN:286,(anonymous_35)
FN:289,(anonymous_36)
FN:299,(anonymous_37)
FN:302,(anonymous_38)
FN:308,(anonymous_39)
FN:311,(anonymous_40)
FN:320,(anonymous_41)
FN:323,(anonymous_42)
FN:346,(anonymous_43)
FN:351,(anonymous_44)
FN:358,(anonymous_45)
FN:364,(anonymous_46)
FN:367,(anonymous_47)
FN:369,(anonymous_48)
FN:372,(anonymous_49)
FN:374,(anonymous_50)
FN:377,(anonymous_51)
FN:379,(anonymous_52)
FN:382,(anonymous_53)
FN:384,(anonymous_54)
FN:387,(anonymous_55)
FN:409,(anonymous_56)
FN:418,(anonymous_57)
FN:440,(anonymous_58)
FN:449,(anonymous_59)
FN:455,(anonymous_60)
FN:458,(anonymous_61)
FN:461,(anonymous_62)
FN:463,(anonymous_63)
FN:469,(anonymous_64)
FN:471,(anonymous_65)
FN:474,(anonymous_66)
FN:476,(anonymous_67)
FN:484,(anonymous_68)
FN:516,(anonymous_69)
FN:518,(anonymous_70)
FN:521,(anonymous_71)
FN:527,(anonymous_72)
FN:535,(anonymous_73)
FN:538,(anonymous_74)
FN:548,(anonymous_75)
FN:551,(anonymous_76)
FN:553,(anonymous_77)
FN:554,(anonymous_78)
FN:562,(anonymous_79)
FN:576,(anonymous_80)
FN:578,(anonymous_81)
FN:588,(anonymous_82)
FN:596,(anonymous_83)
FN:606,(anonymous_84)
FN:614,(anonymous_85)
FN:617,(anonymous_86)
FN:628,(anonymous_87)
FN:631,(anonymous_88)
FN:639,(anonymous_89)
FN:642,(anonymous_90)
FN:644,(anonymous_91)
FN:647,(anonymous_92)
FN:653,(anonymous_93)
FN:656,(anonymous_94)
FN:658,(anonymous_95)
FN:661,(anonymous_96)
FN:667,(anonymous_97)
FN:670,(anonymous_98)
FN:682,(anonymous_99)
FN:685,(anonymous_100)
FN:689,(anonymous_101)
FN:706,(anonymous_102)
FN:712,(anonymous_103)
FN:723,(anonymous_104)
FN:726,(anonymous_105)
FN:732,(anonymous_106)
FN:734,(anonymous_107)
FN:737,(anonymous_108)
FNF:109
FNH:22
FNDA:0,(anonymous_0)
FNDA:0,(anonymous_1)
FNDA:0,(anonymous_2)
FNDA:0,(anonymous_3)
FNDA:0,(anonymous_4)
FNDA:0,(anonymous_5)
FNDA:0,(anonymous_6)
FNDA:0,(anonymous_7)
FNDA:0,(anonymous_8)
FNDA:0,(anonymous_9)
FNDA:0,(anonymous_10)
FNDA:0,(anonymous_11)
FNDA:0,(anonymous_12)
FNDA:1,(anonymous_13)
FNDA:1,(anonymous_14)
FNDA:1,(anonymous_15)
FNDA:1,(anonymous_16)
FNDA:0,(anonymous_17)
FNDA:0,(anonymous_18)
FNDA:1,(anonymous_19)
FNDA:1,(anonymous_20)
FNDA:0,(anonymous_21)
FNDA:0,(anonymous_22)
FNDA:0,(anonymous_23)
FNDA:0,(anonymous_24)
FNDA:0,(anonymous_25)
FNDA:0,(anonymous_26)
FNDA:0,(anonymous_27)
FNDA:0,(anonymous_28)
FNDA:0,(anonymous_29)
FNDA:0,(anonymous_30)
FNDA:0,(anonymous_31)
FNDA:0,(anonymous_32)
FNDA:0,(anonymous_33)
FNDA:0,(anonymous_34)
FNDA:0,(anonymous_35)
FNDA:1,(anonymous_36)
FNDA:1,(anonymous_37)
FNDA:0,(anonymous_38)
FNDA:0,(anonymous_39)
FNDA:0,(anonymous_40)
FNDA:0,(anonymous_41)
FNDA:0,(anonymous_42)
FNDA:0,(anonymous_43)
FNDA:0,(anonymous_44)
FNDA:0,(anonymous_45)
FNDA:0,(anonymous_46)
FNDA:0,(anonymous_47)
FNDA:0,(anonymous_48)
FNDA:0,(anonymous_49)
FNDA:0,(anonymous_50)
FNDA:0,(anonymous_51)
FNDA:0,(anonymous_52)
FNDA:0,(anonymous_53)
FNDA:0,(anonymous_54)
FNDA:0,(anonymous_55)
FNDA:0,(anonymous_56)
FNDA:0,(anonymous_57)
FNDA:0,(anonymous_58)
FNDA:0,(anonymous_59)
FNDA:0,(anonymous_60)
FNDA:0,(anonymous_61)
FNDA:0,(anonymous_62)
FNDA:0,(anonymous_63)
FNDA:0,(anonymous_64)
FNDA:0,(anonymous_65)
FNDA:0,(anonymous_66)
FNDA:0,(anonymous_67)
FNDA:0,(anonymous_68)
FNDA:0,(anonymous_69)
FNDA:0,(anonymous_70)
FNDA:0,(anonymous_71)
FNDA:1,(anonymous_72)
FNDA:1,(anonymous_73)
FNDA:1,(anonymous_74)
FNDA:1,(anonymous_75)
FNDA:0,(anonymous_76)
FNDA:0,(anonymous_77)
FNDA:0,(anonymous_78)
FNDA:0,(anonymous_79)
FNDA:3,(anonymous_80)
FNDA:3,(anonymous_81)
FNDA:3,(anonymous_82)
FNDA:3,(anonymous_83)
FNDA:0,(anonymous_84)
FNDA:0,(anonymous_85)
FNDA:1,(anonymous_86)
FNDA:1,(anonymous_87)
FNDA:0,(anonymous_88)
FNDA:0,(anonymous_89)
FNDA:0,(anonymous_90)
FNDA:0,(anonymous_91)
FNDA:2,(anonymous_92)
FNDA:2,(anonymous_93)
FNDA:0,(anonymous_94)
FNDA:0,(anonymous_95)
FNDA:0,(anonymous_96)
FNDA:0,(anonymous_97)
FNDA:1,(anonymous_98)
FNDA:0,(anonymous_99)
FNDA:0,(anonymous_100)
FNDA:0,(anonymous_101)
FNDA:0,(anonymous_102)
FNDA:0,(anonymous_103)
FNDA:0,(anonymous_104)
FNDA:0,(anonymous_105)
FNDA:0,(anonymous_106)
FNDA:0,(anonymous_107)
FNDA:1,(anonymous_108)
DA:44,1
DA:51,1
DA:61,0
DA:73,0
DA:79,0
DA:84,0
DA:90,1
DA:97,0
DA:115,0
DA:120,0
DA:126,1
DA:132,0
DA:151,0
DA:159,1
DA:167,0
DA:185,0
DA:190,0
DA:196,1
DA:197,0
DA:198,0
DA:201,1
DA:202,1
DA:203,1
DA:206,1
DA:207,1
DA:208,1
DA:211,1
DA:212,0
DA:213,0
DA:214,0
DA:217,1
DA:218,1
DA:223,1
DA:226,1
DA:227,0
DA:233,0
DA:236,1
DA:237,0
DA:242,0
DA:245,1
DA:246,0
DA:251,0
DA:254,1
DA:255,0
DA:261,0
DA:264,1
DA:265,0
DA:271,0
DA:274,1
DA:275,0
DA:276,0
DA:279,1
DA:280,0
DA:286,0
DA:289,1
DA:290,1
DA:291,1
DA:299,1
DA:302,1
DA:303,0
DA:308,0
DA:311,1
DA:312,0
DA:320,0
DA:323,1
DA:330,0
DA:347,0
DA:352,0
DA:358,1
DA:359,0
DA:364,0
DA:367,1
DA:368,0
DA:369,0
DA:372,1
DA:373,0
DA:374,0
DA:377,1
DA:378,0
DA:379,0
DA:382,1
DA:383,0
DA:384,0
DA:387,1
DA:394,0
DA:410,0
DA:418,1
DA:425,0
DA:441,0
DA:449,1
DA:450,0
DA:455,0
DA:458,1
DA:459,0
DA:460,0
DA:462,0
DA:463,0
DA:469,0
DA:471,0
DA:474,1
DA:475,0
DA:477,0
DA:478,0
DA:479,0
DA:481,0
DA:485,0
DA:486,0
DA:488,0
DA:492,0
DA:496,0
DA:501,0
DA:502,0
DA:512,0
DA:516,1
DA:517,0
DA:518,0
DA:520,0
DA:522,0
DA:523,0
DA:527,1
DA:528,1
DA:529,1
DA:535,1
DA:538,1
DA:539,1
DA:540,1
DA:548,1
DA:551,1
DA:552,0
DA:553,0
DA:555,0
DA:562,0
DA:566,0
DA:576,1
DA:577,3
DA:578,3
DA:588,1
DA:589,3
DA:596,3
DA:606,1
DA:607,0
DA:614,0
DA:617,1
DA:618,1
DA:619,1
DA:628,1
DA:631,1
DA:632,0
DA:639,0
DA:642,1
DA:643,0
DA:644,0
DA:647,1
DA:648,2
DA:653,2
DA:656,1
DA:657,0
DA:658,0
DA:661,1
DA:662,0
DA:666,0
DA:667,0
DA:670,1
DA:671,1
DA:672,1
DA:673,1
DA:674,1
DA:676,0
DA:682,0
DA:685,1
DA:686,0
DA:689,1
DA:690,0
DA:692,0
DA:694,0
DA:699,0
DA:706,0
DA:708,0
DA:712,1
DA:713,0
DA:714,0
DA:715,0
DA:716,0
DA:723,0
DA:726,1
DA:727,0
DA:732,1
DA:733,0
DA:734,0
DA:737,1
DA:738,1
LF:191
LH:80
BRDA:53,0,0,0
BRDA:54,1,0,0
BRDA:57,2,0,0
BRDA:63,3,0,0
BRDA:63,3,1,0
BRDA:67,4,0,0
BRDA:67,4,1,0
BRDA:67,5,0,0
BRDA:67,5,1,0
BRDA:82,6,0,0
BRDA:82,6,1,0
BRDA:92,7,0,0
BRDA:93,8,0,0
BRDA:103,9,0,0
BRDA:103,9,1,0
BRDA:107,10,0,0
BRDA:107,10,1,0
BRDA:107,11,0,0
BRDA:107,11,1,0
BRDA:118,12,0,0
BRDA:118,12,1,0
BRDA:128,13,0,0
BRDA:129,14,0,0
BRDA:139,15,0,0
BRDA:139,15,1,0
BRDA:143,16,0,0
BRDA:143,16,1,0
BRDA:143,17,0,0
BRDA:143,17,1,0
BRDA:154,18,0,0
BRDA:154,18,1,0
BRDA:159,19,0,0
BRDA:161,20,0,0
BRDA:162,21,0,0
BRDA:172,22,0,0
BRDA:172,22,1,0
BRDA:176,23,0,0
BRDA:176,23,1,0
BRDA:176,24,0,0
BRDA:176,24,1,0
BRDA:188,25,0,0
BRDA:188,25,1,0
BRDA:212,26,0,0
BRDA:212,26,1,0
BRDA:233,27,0,0
BRDA:233,27,1,0
BRDA:242,28,0,0
BRDA:242,28,1,0
BRDA:251,29,0,0
BRDA:251,29,1,0
BRDA:325,30,0,0
BRDA:326,31,0,0
BRDA:336,32,0,0
BRDA:336,32,1,0
BRDA:340,33,0,0
BRDA:340,33,1,0
BRDA:340,34,0,0
BRDA:340,34,1,0
BRDA:350,35,0,0
BRDA:350,35,1,0
BRDA:359,36,0,0
BRDA:359,36,1,0
BRDA:387,37,0,0
BRDA:389,38,0,0
BRDA:390,39,0,0
BRDA:400,40,0,0
BRDA:400,40,1,0
BRDA:418,41,0,0
BRDA:420,42,0,0
BRDA:421,43,0,0
BRDA:431,44,0,0
BRDA:431,44,1,0
BRDA:452,45,0,0
BRDA:452,45,1,0
BRDA:474,46,0,0
BRDA:478,47,0,0
BRDA:478,47,1,0
BRDA:479,48,0,0
BRDA:479,48,1,0
BRDA:485,49,0,0
BRDA:485,49,1,0
BRDA:492,50,0,0
BRDA:492,50,1,0
BRDA:501,51,0,0
BRDA:501,51,1,0
BRDA:517,52,0,0
BRDA:517,52,1,0
BRDA:522,53,0,0
BRDA:522,53,1,0
BRDA:564,54,0,0
BRDA:564,54,1,0
BRDA:576,55,0,0
BRDA:588,56,0,0
BRDA:631,57,0,0
BRDA:631,58,0,0
BRDA:664,59,0,0
BRDA:664,59,1,0
BRDA:672,60,0,1
BRDA:672,60,1,0
BRDA:690,61,0,0
BRDA:690,61,1,0
BRDA:690,61,2,0
BRDA:690,61,3,0
BRDA:694,62,0,0
BRDA:694,62,1,0
BRF:105
BRH:1
end_of_record
TN:
SF:js/components/MainEventView/MainEventView.jsx
FN:19,MainEventView
FNF:1
FNH:1
FNDA:1,MainEventView
DA:13,1
DA:23,1
DA:24,1
DA:25,1
DA:49,1
LF:5
LH:5
BRDA:23,0,0,1
BRDA:23,0,1,1
BRDA:32,1,0,1
BRDA:32,1,1,1
BRDA:34,2,0,1
BRDA:34,2,1,0
BRDA:39,3,0,0
BRDA:39,3,1,1
BRF:8
BRH:6
end_of_record
TN:
SF:js/components/MainEventView/index.js
FNF:0
FNH:0
LF:0
LH:0
BRF:0
BRH:0
end_of_record
TN:
SF:js/components/MediaViewer/Media.jsx
FN:19,(anonymous_0)
FN:21,UnsupportedViewer
FN:38,(anonymous_2)
FN:55,(anonymous_3)
FN:59,(anonymous_4)
FN:73,(anonymous_5)
FNF:6
FNH:3
FNDA:0,(anonymous_0)
FNDA:1,UnsupportedViewer
FNDA:1,(anonymous_2)
FNDA:5,(anonymous_3)
FNDA:0,(anonymous_4)
FNDA:0,(anonymous_5)
DA:19,1
DA:22,1
DA:27,1
DA:38,1
DA:40,1
DA:55,1
DA:57,5
DA:60,5
DA:61,5
DA:63,5
DA:64,4
DA:65,4
DA:66,4
DA:73,0
DA:83,1
LF:15
LH:14
BRDA:21,0,0,0
BRDA:59,1,0,0
BRDA:60,2,0,5
BRDA:60,2,1,5
BRDA:60,2,2,0
BRDA:60,2,3,5
BRDA:60,2,4,0
BRDA:61,3,0,5
BRDA:61,3,1,5
BRDA:61,3,2,5
BRDA:63,4,0,4
BRDA:63,4,1,1
BRDA:63,5,0,5
BRDA:63,5,1,5
BRDA:75,6,0,4
BRDA:75,6,1,0
BRF:16
BRH:11
end_of_record
TN:
SF:js/components/MediaViewer/PdfViewer.jsx
FN:6,(anonymous_0)
FN:19,(anonymous_1)
FN:24,(anonymous_2)
FN:27,(anonymous_3)
FN:30,(anonymous_4)
FN:33,(anonymous_5)
FN:54,(anonymous_6)
FNF:7
FNH:5
FNDA:0,(anonymous_0)
FNDA:4,(anonymous_1)
FNDA:2,(anonymous_2)
FNDA:0,(anonymous_3)
FNDA:1,(anonymous_4)
FNDA:1,(anonymous_5)
FNDA:2,(anonymous_6)
DA:6,1
DA:7,0
DA:19,1
DA:20,4
DA:21,4
DA:22,4
DA:24,4
DA:25,2
DA:26,2
DA:28,0
DA:31,1
DA:34,1
DA:38,4
DA:39,2
DA:45,2
DA:46,0
DA:51,2
DA:54,1
DA:55,2
LF:19
LH:16
BRDA:38,0,0,2
BRDA:38,0,1,2
BRDA:45,1,0,0
BRDA:45,1,1,2
BRDA:51,2,0,0
BRDA:51,2,1,2
BRF:6
BRH:4
end_of_record
TN:
SF:js/components/MediaViewer/SpreadsheetViewer.jsx
FN:16,(anonymous_0)
FN:18,(anonymous_1)
FN:20,(anonymous_2)
FN:21,(anonymous_3)
FN:29,(anonymous_4)
FN:37,(anonymous_5)
FN:42,(anonymous_6)
FN:46,(anonymous_7)
FN:50,(anonymous_8)
FN:53,(anonymous_9)
FN:61,(anonymous_10)
FN:67,(anonymous_11)
FN:69,(anonymous_12)
FNF:13
FNH:0
FNDA:0,(anonymous_0)
FNDA:0,(anonymous_1)
FNDA:0,(anonymous_2)
FNDA:0,(anonymous_3)
FNDA:0,(anonymous_4)
FNDA:0,(anonymous_5)
FNDA:0,(anonymous_6)
FNDA:0,(anonymous_7)
FNDA:0,(anonymous_8)
FNDA:0,(anonymous_9)
FNDA:0,(anonymous_10)
FNDA:0,(anonymous_11)
FNDA:0,(anonymous_12)
DA:16,1
DA:18,1
DA:19,0
DA:20,0
DA:21,0
DA:22,0
DA:29,0
DA:37,1
DA:38,0
DA:39,0
DA:40,0
DA:42,0
DA:43,0
DA:44,0
DA:45,0
DA:46,0
DA:51,0
DA:52,0
DA:53,0
DA:54,0
DA:57,0
DA:58,0
DA:59,0
DA:60,0
DA:62,0
DA:65,0
DA:68,0
DA:70,0
DA:75,0
DA:76,0
DA:83,0
DA:84,0
DA:89,0
LF:33
LH:3
BRDA:19,0,0,0
BRDA:19,0,1,0
BRDA:20,1,0,0
BRDA:20,1,1,0
BRDA:28,2,0,0
BRDA:28,2,1,0
BRDA:43,3,0,0
BRDA:43,3,1,0
BRDA:46,4,0,0
BRDA:46,4,1,0
BRDA:52,5,0,0
BRDA:52,5,1,0
BRDA:75,6,0,0
BRDA:75,6,1,0
BRDA:83,7,0,0
BRDA:83,7,1,0
BRDA:89,8,0,0
BRDA:89,8,1,0
BRF:18
BRH:0
end_of_record
TN:
SF:js/components/MetaTags/Meta.jsx
FN:4,(anonymous_0)
FNF:1
FNH:1
FNDA:1,(anonymous_0)
DA:4,1
DA:5,1
DA:22,1
LF:3
LH:3
BRDA:4,0,0,1
BRF:1
BRH:1
end_of_record
TN:
SF:js/components/MetadataPreview/MetadataPreview.jsx
FN:12,MetadataPreview
FNF:1
FNH:1
FNDA:1,MetadataPreview
DA:15,1
DA:29,1
LF:2
LH:2
BRF:0
BRH:0
end_of_record
TN:
SF:js/components/MetadataPreview/index.js
FNF:0
FNH:0
LF:0
LH:0
BRF:0
BRH:0
end_of_record
TN:
SF:js/epics/gndownload.js
FN:19,(anonymous_0)
FN:21,(anonymous_1)
FN:27,(anonymous_2)
FN:27,(anonymous_3)
FN:28,(anonymous_4)
FN:38,(anonymous_5)
FNF:6
FNH:4
FNDA:1,(anonymous_0)
FNDA:1,(anonymous_1)
FNDA:1,(anonymous_2)
FNDA:0,(anonymous_3)
FNDA:0,(anonymous_4)
FNDA:1,(anonymous_5)
DA:19,1
DA:20,1
DA:22,1
DA:23,1
DA:24,1
DA:26,1
DA:27,1
DA:29,0
DA:30,0
DA:31,0
DA:32,0
DA:35,0
DA:36,0
DA:39,1
LF:14
LH:8
BRDA:29,0,0,0
BRDA:29,0,1,0
BRDA:29,1,0,0
BRDA:29,1,1,0
BRDA:31,2,0,0
BRDA:31,2,1,0
BRDA:35,3,0,0
BRDA:35,3,1,0
BRDA:41,4,0,1
BRDA:41,4,1,1
BRDA:41,4,2,1
BRDA:41,4,3,0
BRF:12
BRH:3
end_of_record
TN:
SF:js/epics/gnresource.js
FN:138,(anonymous_0)
FN:141,(anonymous_1)
FN:145,(anonymous_2)
FN:150,(anonymous_3)
FN:155,(anonymous_4)
FN:159,(anonymous_5)
FN:168,(anonymous_6)
FN:217,(anonymous_7)
FN:218,(anonymous_8)
FN:221,(anonymous_9)
FN:223,(anonymous_10)
FN:231,(anonymous_11)
FN:246,(anonymous_12)
FN:275,(anonymous_13)
FN:277,(anonymous_14)
FN:281,(anonymous_15)
FN:289,(anonymous_16)
FN:321,(anonymous_17)
FN:322,(anonymous_18)
FN:323,(anonymous_19)
FN:333,(anonymous_20)
FN:334,(anonymous_21)
FN:335,(anonymous_22)
FN:348,(anonymous_23)
FN:349,(anonymous_24)
FN:350,(anonymous_25)
FN:358,(anonymous_26)
FN:359,(anonymous_27)
FN:360,(anonymous_28)
FN:382,(anonymous_29)
FN:398,(anonymous_30)
FN:399,(anonymous_31)
FN:406,(anonymous_32)
FN:418,(anonymous_33)
FN:419,(anonymous_34)
FN:425,(anonymous_35)
FN:435,(anonymous_36)
FN:447,(anonymous_37)
FN:461,(anonymous_38)
FN:482,(anonymous_39)
FN:484,(anonymous_40)
FN:522,(anonymous_41)
FN:539,(anonymous_42)
FN:541,(anonymous_43)
FN:558,(anonymous_44)
FN:559,(anonymous_45)
FN:562,(anonymous_46)
FN:589,(anonymous_47)
FN:606,(anonymous_48)
FN:608,(anonymous_49)
FN:618,(anonymous_50)
FN:619,(anonymous_51)
FN:622,(anonymous_52)
FN:630,(anonymous_53)
FN:631,(anonymous_54)
FN:632,(anonymous_55)
FN:636,(anonymous_56)
FN:647,(anonymous_57)
FN:648,(anonymous_58)
FN:649,(anonymous_59)
FN:651,(anonymous_60)
FN:686,(anonymous_61)
FN:687,(anonymous_62)
FN:688,(anonymous_63)
FN:692,(anonymous_64)
FN:693,(anonymous_65)
FN:696,(anonymous_66)
FN:698,(anonymous_67)
FN:713,(anonymous_68)
FN:714,(anonymous_69)
FN:722,(anonymous_70)
FN:735,validateGeometry
FN:749,(anonymous_72)
FN:751,(anonymous_73)
FN:752,(anonymous_74)
FN:755,(anonymous_75)
FN:764,(anonymous_76)
FN:769,(anonymous_77)
FN:771,(anonymous_78)
FN:787,(anonymous_79)
FN:791,(anonymous_80)
FN:792,(anonymous_81)
FN:795,(anonymous_82)
FN:799,(anonymous_83)
FN:803,(anonymous_84)
FN:811,(anonymous_85)
FNF:86
FNH:17
FNDA:0,(anonymous_0)
FNDA:0,(anonymous_1)
FNDA:0,(anonymous_2)
FNDA:0,(anonymous_3)
FNDA:0,(anonymous_4)
FNDA:0,(anonymous_5)
FNDA:0,(anonymous_6)
FNDA:0,(anonymous_7)
FNDA:0,(anonymous_8)
FNDA:0,(anonymous_9)
FNDA:0,(anonymous_10)
FNDA:0,(anonymous_11)
FNDA:0,(anonymous_12)
FNDA:0,(anonymous_13)
FNDA:0,(anonymous_14)
FNDA:0,(anonymous_15)
FNDA:0,(anonymous_16)
FNDA:0,(anonymous_17)
FNDA:0,(anonymous_18)
FNDA:0,(anonymous_19)
FNDA:0,(anonymous_20)
FNDA:0,(anonymous_21)
FNDA:0,(anonymous_22)
FNDA:0,(anonymous_23)
FNDA:0,(anonymous_24)
FNDA:0,(anonymous_25)
FNDA:0,(anonymous_26)
FNDA:0,(anonymous_27)
FNDA:0,(anonymous_28)
FNDA:0,(anonymous_29)
FNDA:0,(anonymous_30)
FNDA:0,(anonymous_31)
FNDA:0,(anonymous_32)
FNDA:0,(anonymous_33)
FNDA:0,(anonymous_34)
FNDA:0,(anonymous_35)
FNDA:0,(anonymous_36)
FNDA:0,(anonymous_37)
FNDA:0,(anonymous_38)
FNDA:0,(anonymous_39)
FNDA:0,(anonymous_40)
FNDA:0,(anonymous_41)
FNDA:0,(anonymous_42)
FNDA:0,(anonymous_43)
FNDA:0,(anonymous_44)
FNDA:0,(anonymous_45)
FNDA:0,(anonymous_46)
FNDA:0,(anonymous_47)
FNDA:2,(anonymous_48)
FNDA:2,(anonymous_49)
FNDA:2,(anonymous_50)
FNDA:2,(anonymous_51)
FNDA:0,(anonymous_52)
FNDA:2,(anonymous_53)
FNDA:2,(anonymous_54)
FNDA:2,(anonymous_55)
FNDA:0,(anonymous_56)
FNDA:0,(anonymous_57)
FNDA:0,(anonymous_58)
FNDA:0,(anonymous_59)
FNDA:0,(anonymous_60)
FNDA:1,(anonymous_61)
FNDA:1,(anonymous_62)
FNDA:1,(anonymous_63)
FNDA:1,(anonymous_64)
FNDA:1,(anonymous_65)
FNDA:0,(anonymous_66)
FNDA:0,(anonymous_67)
FNDA:0,(anonymous_68)
FNDA:0,(anonymous_69)
FNDA:0,(anonymous_70)
FNDA:1,validateGeometry
FNDA:1,(anonymous_72)
FNDA:1,(anonymous_73)
FNDA:1,(anonymous_74)
FNDA:1,(anonymous_75)
FNDA:0,(anonymous_76)
FNDA:0,(anonymous_77)
FNDA:0,(anonymous_78)
FNDA:0,(anonymous_79)
FNDA:0,(anonymous_80)
FNDA:0,(anonymous_81)
FNDA:0,(anonymous_82)
FNDA:0,(anonymous_83)
FNDA:0,(anonymous_84)
FNDA:0,(anonymous_85)
DA:134,1
DA:136,1
DA:139,0
DA:140,0
DA:141,0
DA:142,0
DA:145,0
DA:151,0
DA:152,0
DA:154,0
DA:155,0
DA:157,0
DA:160,0
DA:161,0
DA:164,0
DA:165,0
DA:169,0
DA:170,0
DA:171,0
DA:172,0
DA:218,0
DA:222,0
DA:223,0
DA:226,0
DA:227,0
DA:232,0
DA:237,0
DA:238,0
DA:239,0
DA:240,0
DA:242,0
DA:243,0
DA:247,0
DA:248,0
DA:249,0
DA:250,0
DA:254,0
DA:269,0
DA:275,0
DA:278,0
DA:279,0
DA:280,0
DA:281,0
DA:290,0
DA:291,0
DA:292,0
DA:293,0
DA:294,0
DA:322,0
DA:324,0
DA:334,0
DA:336,0
DA:338,0
DA:349,0
DA:351,0
DA:359,0
DA:361,0
DA:362,0
DA:363,0
DA:364,0
DA:383,0
DA:399,0
DA:400,0
DA:407,0
DA:419,0
DA:420,0
DA:426,0
DA:436,0
DA:437,0
DA:438,0
DA:440,0
DA:441,0
DA:442,0
DA:443,0
DA:445,0
DA:448,0
DA:449,0
DA:450,0
DA:451,0
DA:452,0
DA:453,0
DA:455,0
DA:461,1
DA:462,0
DA:463,0
DA:464,0
DA:482,1
DA:483,0
DA:485,0
DA:486,0
DA:487,0
DA:488,0
DA:489,0
DA:495,0
DA:496,0
DA:497,0
DA:500,0
DA:502,0
DA:503,0
DA:509,0
DA:523,0
DA:525,0
DA:526,0
DA:527,0
DA:528,0
DA:530,0
DA:532,0
DA:539,1
DA:540,0
DA:543,0
DA:545,0
DA:547,0
DA:548,0
DA:553,0
DA:554,0
DA:555,0
DA:557,0
DA:558,0
DA:560,0
DA:563,0
DA:567,0
DA:590,0
DA:592,0
DA:593,0
DA:594,0
DA:595,0
DA:597,0
DA:599,0
DA:606,1
DA:607,2
DA:609,2
DA:610,2
DA:611,2
DA:612,2
DA:614,2
DA:615,2
DA:616,2
DA:618,2
DA:620,2
DA:623,0
DA:630,2
DA:631,2
DA:632,2
DA:636,1
DA:637,0
DA:638,0
DA:647,1
DA:648,0
DA:650,0
DA:651,0
DA:652,0
DA:653,0
DA:654,0
DA:656,0
DA:657,0
DA:658,0
DA:659,0
DA:660,0
DA:662,0
DA:663,0
DA:665,0
DA:666,0
DA:667,0
DA:669,0
DA:670,0
DA:671,0
DA:672,0
DA:673,0
DA:674,0
DA:677,0
DA:679,0
DA:680,0
DA:686,1
DA:687,1
DA:689,1
DA:692,1
DA:693,1
DA:696,1
DA:697,0
DA:699,0
DA:700,0
DA:701,0
DA:702,0
DA:703,0
DA:704,0
DA:705,0
DA:706,0
DA:707,0
DA:708,0
DA:709,0
DA:711,0
DA:713,0
DA:715,0
DA:722,0
DA:733,1
DA:736,1
DA:737,0
DA:738,0
DA:739,0
DA:746,1
DA:749,1
DA:750,1
DA:751,1
DA:753,1
DA:756,1
DA:757,1
DA:764,1
DA:769,1
DA:770,0
DA:772,0
DA:773,0
DA:774,0
DA:779,0
DA:780,0
DA:781,0
DA:782,0
DA:783,0
DA:787,0
DA:791,0
DA:792,0
DA:796,0
DA:797,0
DA:798,0
DA:799,0
DA:801,0
DA:804,0
DA:805,0
DA:812,0
LF:228
LH:38
BRDA:139,0,0,0
BRDA:139,0,1,0
BRDA:140,1,0,0
BRDA:140,1,1,0
BRDA:144,2,0,0
BRDA:144,2,1,0
BRDA:146,3,0,0
BRDA:146,3,1,0
BRDA:151,4,0,0
BRDA:151,4,1,0
BRDA:152,5,0,0
BRDA:152,5,1,0
BRDA:152,6,0,0
BRDA:152,6,1,0
BRDA:161,7,0,0
BRDA:161,7,1,0
BRDA:170,8,0,0
BRDA:170,8,1,0
BRDA:171,9,0,0
BRDA:171,9,1,0
BRDA:177,10,0,0
BRDA:177,10,1,0
BRDA:188,11,0,0
BRDA:188,11,1,0
BRDA:194,12,0,0
BRDA:194,12,1,0
BRDA:196,13,0,0
BRDA:196,13,1,0
BRDA:201,14,0,0
BRDA:201,14,1,0
BRDA:203,15,0,0
BRDA:203,15,1,0
BRDA:204,16,0,0
BRDA:204,16,1,0
BRDA:209,17,0,0
BRDA:209,17,1,0
BRDA:223,18,0,0
BRDA:227,19,0,0
BRDA:227,19,1,0
BRDA:227,20,0,0
BRDA:227,20,1,0
BRDA:232,21,0,0
BRDA:232,21,1,0
BRDA:237,22,0,0
BRDA:237,22,1,0
BRDA:242,23,0,0
BRDA:242,23,1,0
BRDA:242,24,0,0
BRDA:242,24,1,0
BRDA:247,25,0,0
BRDA:247,25,1,0
BRDA:248,26,0,0
BRDA:248,26,1,0
BRDA:250,27,0,0
BRDA:250,27,1,0
BRDA:269,28,0,0
BRDA:269,28,1,0
BRDA:269,29,0,0
BRDA:269,29,1,0
BRDA:278,30,0,0
BRDA:278,30,1,0
BRDA:283,31,0,0
BRDA:283,31,1,0
BRDA:284,32,0,0
BRDA:284,32,1,0
BRDA:290,33,0,0
BRDA:290,33,1,0
BRDA:291,34,0,0
BRDA:291,34,1,0
BRDA:292,35,0,0
BRDA:292,35,1,0
BRDA:293,36,0,0
BRDA:293,36,1,0
BRDA:295,37,0,0
BRDA:295,37,1,0
BRDA:300,38,0,0
BRDA:300,38,1,0
BRDA:301,39,0,0
BRDA:301,39,1,0
BRDA:306,40,0,0
BRDA:306,40,1,0
BRDA:312,41,0,0
BRDA:312,41,1,0
BRDA:325,42,0,0
BRDA:325,42,1,0
BRDA:336,43,0,0
BRDA:336,43,1,0
BRDA:361,44,0,0
BRDA:361,44,1,0
BRDA:362,45,0,0
BRDA:362,45,1,0
BRDA:362,46,0,0
BRDA:362,46,1,0
BRDA:363,47,0,0
BRDA:363,47,1,0
BRDA:363,48,0,0
BRDA:363,48,1,0
BRDA:375,49,0,0
BRDA:375,49,1,0
BRDA:385,50,0,0
BRDA:385,50,1,0
BRDA:409,51,0,0
BRDA:409,51,1,0
BRDA:438,52,0,0
BRDA:438,52,1,0
BRDA:450,53,0,0
BRDA:450,53,1,0
BRDA:466,54,0,0
BRDA:466,54,1,0
BRDA:469,55,0,0
BRDA:469,55,1,0
BRDA:470,56,0,0
BRDA:470,56,1,0
BRDA:485,57,0,0
BRDA:485,57,1,0
BRDA:487,58,0,0
BRDA:487,58,1,0
BRDA:493,59,0,0
BRDA:493,59,1,0
BRDA:500,60,0,0
BRDA:500,61,0,0
BRDA:500,61,1,0
BRDA:502,62,0,0
BRDA:502,62,1,0
BRDA:523,63,0,0
BRDA:523,63,1,0
BRDA:525,64,0,0
BRDA:525,64,1,0
BRDA:527,65,0,0
BRDA:527,65,1,0
BRDA:528,66,0,0
BRDA:528,66,1,0
BRDA:530,67,0,0
BRDA:530,67,1,0
BRDA:530,67,2,0
BRDA:545,68,0,0
BRDA:545,68,1,0
BRDA:547,69,0,0
BRDA:547,69,1,0
BRDA:553,70,0,0
BRDA:553,71,0,0
BRDA:553,71,1,0
BRDA:555,72,0,0
BRDA:555,72,1,0
BRDA:557,73,0,0
BRDA:557,73,1,0
BRDA:557,74,0,0
BRDA:557,74,1,0
BRDA:580,75,0,0
BRDA:580,75,1,0
BRDA:590,76,0,0
BRDA:590,76,1,0
BRDA:592,77,0,0
BRDA:592,77,1,0
BRDA:594,78,0,0
BRDA:594,78,1,0
BRDA:595,79,0,0
BRDA:595,79,1,0
BRDA:597,80,0,0
BRDA:597,80,1,0
BRDA:597,80,2,0
BRDA:612,81,0,2
BRDA:612,81,1,0
BRDA:616,82,0,1
BRDA:616,82,1,1
BRDA:618,83,0,1
BRDA:618,83,1,1
BRDA:624,84,0,0
BRDA:624,84,1,0
BRDA:637,85,0,0
BRDA:637,85,1,0
BRDA:640,86,0,0
BRDA:640,86,1,0
BRDA:648,87,0,0
BRDA:648,87,1,0
BRDA:653,88,0,0
BRDA:653,88,1,0
BRDA:659,89,0,0
BRDA:659,89,1,0
BRDA:659,90,0,0
BRDA:659,90,1,0
BRDA:659,90,2,0
BRDA:662,91,0,0
BRDA:662,91,1,0
BRDA:662,92,0,0
BRDA:662,92,1,0
BRDA:665,93,0,0
BRDA:665,93,1,0
BRDA:666,94,0,0
BRDA:666,94,1,0
BRDA:670,95,0,0
BRDA:670,95,1,0
BRDA:670,96,0,0
BRDA:670,96,1,0
BRDA:671,97,0,0
BRDA:671,97,1,0
BRDA:673,98,0,0
BRDA:673,98,1,0
BRDA:680,99,0,0
BRDA:680,99,1,0
BRDA:687,100,0,1
BRDA:687,100,1,1
BRDA:693,101,0,1
BRDA:693,101,1,1
BRDA:700,102,0,0
BRDA:700,102,1,0
BRDA:707,103,0,0
BRDA:707,103,1,0
BRDA:712,104,0,0
BRDA:712,104,1,0
BRDA:736,105,0,0
BRDA:736,105,1,1
BRDA:736,106,0,1
BRDA:736,106,1,1
BRDA:740,107,0,0
BRDA:740,107,1,0
BRDA:741,108,0,0
BRDA:741,108,1,0
BRDA:741,109,0,0
BRDA:741,109,1,0
BRDA:742,110,0,0
BRDA:742,110,1,0
BRDA:743,111,0,0
BRDA:743,111,1,0
BRDA:743,112,0,0
BRDA:743,112,1,0
BRDA:751,113,0,1
BRDA:751,113,1,1
BRDA:773,114,0,0
BRDA:773,114,1,0
BRDA:783,115,0,0
BRDA:783,115,1,0
BRDA:789,116,0,0
BRDA:789,116,1,0
BRDA:796,117,0,0
BRDA:796,117,1,0
BRDA:797,118,0,0
BRDA:797,118,1,0
BRDA:797,119,0,0
BRDA:797,119,1,0
BRDA:804,120,0,0
BRDA:804,120,1,0
BRDA:808,121,0,0
BRDA:808,121,1,0
BRDA:812,122,0,0
BRDA:812,122,1,0
BRF:246
BRH:14
end_of_record
TN:
SF:js/epics/gnsave.js
FN:104,parseMapBody
FN:112,(anonymous_1)
FN:117,(anonymous_2)
FN:118,(anonymous_3)
FN:128,(anonymous_4)
FN:136,(anonymous_5)
FN:140,(anonymous_6)
FN:145,(anonymous_7)
FN:156,(anonymous_8)
FN:167,(anonymous_9)
FN:170,(anonymous_10)
FN:182,(anonymous_11)
FN:186,(anonymous_12)
FN:187,(anonymous_13)
FN:189,(anonymous_14)
FN:192,(anonymous_15)
FN:200,(anonymous_16)
FN:214,(anonymous_17)
FN:216,(anonymous_18)
FN:224,(anonymous_19)
FN:236,(anonymous_20)
FN:237,(anonymous_21)
FN:249,(anonymous_22)
FN:257,(anonymous_23)
FN:280,(anonymous_24)
FN:282,(anonymous_25)
FN:283,(anonymous_26)
FN:285,(anonymous_27)
FN:291,(anonymous_28)
FN:302,(anonymous_29)
FN:304,(anonymous_30)
FN:320,(anonymous_31)
FN:321,(anonymous_32)
FN:331,(anonymous_33)
FN:338,(anonymous_34)
FN:340,(anonymous_35)
FN:348,(anonymous_36)
FN:351,(anonymous_37)
FN:354,(anonymous_38)
FN:356,(anonymous_39)
FN:360,(anonymous_40)
FN:361,(anonymous_41)
FN:384,(anonymous_42)
FN:393,(anonymous_43)
FN:395,(anonymous_44)
FN:396,(anonymous_45)
FN:414,(anonymous_46)
FN:416,(anonymous_47)
FN:417,(anonymous_48)
FN:432,(anonymous_49)
FN:433,(anonymous_50)
FN:440,(anonymous_51)
FNF:52
FNH:14
FNDA:4,parseMapBody
FNDA:0,(anonymous_1)
FNDA:0,(anonymous_2)
FNDA:0,(anonymous_3)
FNDA:0,(anonymous_4)
FNDA:0,(anonymous_5)
FNDA:4,(anonymous_6)
FNDA:0,(anonymous_7)
FNDA:0,(anonymous_8)
FNDA:0,(anonymous_9)
FNDA:0,(anonymous_10)
FNDA:0,(anonymous_11)
FNDA:0,(anonymous_12)
FNDA:0,(anonymous_13)
FNDA:0,(anonymous_14)
FNDA:0,(anonymous_15)
FNDA:0,(anonymous_16)
FNDA:4,(anonymous_17)
FNDA:4,(anonymous_18)
FNDA:16,(anonymous_19)
FNDA:4,(anonymous_20)
FNDA:4,(anonymous_21)
FNDA:0,(anonymous_22)
FNDA:0,(anonymous_23)
FNDA:2,(anonymous_24)
FNDA:2,(anonymous_25)
FNDA:0,(anonymous_26)
FNDA:2,(anonymous_27)
FNDA:0,(anonymous_28)
FNDA:0,(anonymous_29)
FNDA:0,(anonymous_30)
FNDA:0,(anonymous_31)
FNDA:0,(anonymous_32)
FNDA:0,(anonymous_33)
FNDA:1,(anonymous_34)
FNDA:1,(anonymous_35)
FNDA:1,(anonymous_36)
FNDA:0,(anonymous_37)
FNDA:0,(anonymous_38)
FNDA:0,(anonymous_39)
FNDA:1,(anonymous_40)
FNDA:0,(anonymous_41)
FNDA:0,(anonymous_42)
FNDA:0,(anonymous_43)
FNDA:0,(anonymous_44)
FNDA:0,(anonymous_45)
FNDA:0,(anonymous_46)
FNDA:0,(anonymous_47)
FNDA:0,(anonymous_48)
FNDA:0,(anonymous_49)
FNDA:0,(anonymous_50)
FNDA:0,(anonymous_51)
DA:102,1
DA:105,4
DA:106,4
DA:112,1
DA:113,0
DA:114,0
DA:115,0
DA:116,0
DA:117,0
DA:118,0
DA:119,0
DA:121,0
DA:122,0
DA:123,0
DA:125,0
DA:126,0
DA:127,0
DA:128,0
DA:136,0
DA:139,1
DA:141,4
DA:146,0
DA:147,0
DA:157,0
DA:158,0
DA:168,0
DA:171,0
DA:172,0
DA:173,0
DA:181,0
DA:182,0
DA:183,0
DA:184,0
DA:187,0
DA:190,0
DA:191,0
DA:192,0
DA:194,0
DA:196,0
DA:201,0
DA:202,0
DA:214,1
DA:215,4
DA:217,4
DA:218,4
DA:219,4
DA:220,4
DA:221,4
DA:222,4
DA:225,16
DA:226,0
DA:227,0
DA:229,16
DA:235,4
DA:236,4
DA:238,4
DA:239,4
DA:240,0
DA:241,0
DA:242,0
DA:244,0
DA:250,0
DA:251,0
DA:252,0
DA:256,4
DA:257,4
DA:259,4
DA:260,4
DA:261,4
DA:281,2
DA:282,2
DA:283,0
DA:286,2
DA:292,0
DA:302,1
DA:303,0
DA:306,0
DA:307,0
DA:308,0
DA:309,0
DA:311,0
DA:320,0
DA:322,0
DA:323,0
DA:332,0
DA:338,1
DA:339,1
DA:341,1
DA:342,1
DA:343,1
DA:344,1
DA:348,1
DA:352,0
DA:354,0
DA:356,0
DA:361,1
DA:362,1
DA:363,1
DA:364,1
DA:370,1
DA:385,0
DA:393,1
DA:394,0
DA:395,0
DA:397,0
DA:398,0
DA:399,0
DA:400,0
DA:402,0
DA:403,0
DA:404,0
DA:410,0
DA:411,0
DA:414,1
DA:415,0
DA:416,0
DA:418,0
DA:419,0
DA:420,0
DA:421,0
DA:422,0
DA:424,0
DA:425,0
DA:426,0
DA:428,0
DA:429,0
DA:430,0
DA:432,0
DA:434,0
DA:438,0
DA:441,0
LF:131
LH:43
BRDA:116,0,0,0
BRDA:116,0,1,0
BRDA:121,1,0,0
BRDA:121,1,1,0
BRDA:125,2,0,0
BRDA:125,2,1,0
BRDA:125,3,0,0
BRDA:125,3,1,0
BRDA:125,3,2,0
BRDA:125,3,3,0
BRDA:126,4,0,0
BRDA:141,5,0,2
BRDA:141,5,1,2
BRDA:147,6,0,0
BRDA:147,6,1,0
BRDA:158,7,0,0
BRDA:158,7,1,0
BRDA:168,8,0,0
BRDA:168,8,1,0
BRDA:177,9,0,0
BRDA:177,9,1,0
BRDA:179,10,0,0
BRDA:179,10,1,0
BRDA:183,11,0,0
BRDA:183,11,1,0
BRDA:184,12,0,0
BRDA:184,12,1,0
BRDA:187,13,0,0
BRDA:187,13,1,0
BRDA:191,14,0,0
BRDA:191,14,1,0
BRDA:202,15,0,0
BRDA:202,15,1,0
BRDA:219,16,0,4
BRDA:219,16,1,3
BRDA:220,17,0,4
BRDA:220,17,1,0
BRDA:225,18,0,0
BRDA:225,18,1,16
BRDA:226,19,0,0
BRDA:226,19,1,0
BRDA:231,20,0,4
BRDA:231,20,1,4
BRDA:232,21,0,4
BRDA:232,21,1,0
BRDA:233,22,0,4
BRDA:233,22,1,0
BRDA:239,23,0,0
BRDA:239,23,1,4
BRDA:240,24,0,0
BRDA:240,24,1,0
BRDA:259,25,0,0
BRDA:259,25,1,4
BRDA:270,26,0,0
BRDA:270,26,1,4
BRDA:272,27,0,0
BRDA:272,27,1,0
BRDA:279,28,0,2
BRDA:279,28,1,2
BRDA:283,29,0,0
BRDA:283,29,1,0
BRDA:283,29,2,0
BRDA:283,29,3,0
BRDA:293,30,0,0
BRDA:293,30,1,0
BRDA:294,31,0,0
BRDA:294,31,1,0
BRDA:308,32,0,0
BRDA:308,32,1,0
BRDA:343,33,0,1
BRDA:343,33,1,0
BRDA:350,34,0,0
BRDA:350,34,1,1
BRDA:352,35,0,0
BRDA:352,35,1,0
BRDA:365,36,0,0
BRDA:365,36,1,1
BRDA:366,37,0,0
BRDA:366,37,1,1
BRDA:375,38,0,0
BRDA:375,38,1,1
BRDA:386,39,0,0
BRDA:386,39,1,0
BRDA:387,40,0,0
BRDA:387,40,1,0
BRDA:387,40,2,0
BRDA:399,41,0,0
BRDA:399,41,1,0
BRDA:402,42,0,0
BRDA:402,42,1,0
BRDA:403,43,0,0
BRDA:403,43,1,0
BRDA:421,44,0,0
BRDA:421,44,1,0
BRDA:421,45,0,0
BRDA:421,45,1,0
BRDA:424,46,0,0
BRDA:424,46,1,0
BRDA:425,47,0,0
BRDA:425,47,1,0
BRDA:429,48,0,0
BRDA:429,48,1,0
BRF:102
BRH:20
end_of_record
TN:
SF:js/epics/gnsync.js
FN:31,(anonymous_0)
FN:51,(anonymous_1)
FN:59,(anonymous_2)
FN:64,(anonymous_3)
FN:65,(anonymous_4)
FN:74,(anonymous_5)
FN:93,(anonymous_6)
FN:108,(anonymous_7)
FN:109,(anonymous_8)
FN:115,(anonymous_9)
FN:119,(anonymous_10)
FN:120,(anonymous_11)
FN:124,(anonymous_12)
FN:125,(anonymous_13)
FN:127,(anonymous_14)
FN:129,(anonymous_15)
FN:130,(anonymous_16)
FN:135,(anonymous_17)
FN:136,(anonymous_18)
FN:143,(anonymous_19)
FN:145,(anonymous_20)
FN:146,(anonymous_21)
FN:148,(anonymous_22)
FN:153,(anonymous_23)
FN:178,(anonymous_24)
FN:179,(anonymous_25)
FN:183,(anonymous_26)
FNF:27
FNH:22
FNDA:2,(anonymous_0)
FNDA:2,(anonymous_1)
FNDA:1,(anonymous_2)
FNDA:1,(anonymous_3)
FNDA:1,(anonymous_4)
FNDA:0,(anonymous_5)
FNDA:2,(anonymous_6)
FNDA:3,(anonymous_7)
FNDA:2,(anonymous_8)
FNDA:2,(anonymous_9)
FNDA:1,(anonymous_10)
FNDA:0,(anonymous_11)
FNDA:1,(anonymous_12)
FNDA:0,(anonymous_13)
FNDA:2,(anonymous_14)
FNDA:1,(anonymous_15)
FNDA:1,(anonymous_16)
FNDA:1,(anonymous_17)
FNDA:1,(anonymous_18)
FNDA:2,(anonymous_19)
FNDA:2,(anonymous_20)
FNDA:2,(anonymous_21)
FNDA:2,(anonymous_22)
FNDA:1,(anonymous_23)
FNDA:2,(anonymous_24)
FNDA:0,(anonymous_25)
FNDA:0,(anonymous_26)
DA:31,1
DA:32,2
DA:34,1
DA:37,1
DA:40,0
DA:51,1
DA:53,2
DA:54,1
DA:55,1
DA:56,1
DA:58,1
DA:59,1
DA:61,1
DA:62,1
DA:65,1
DA:66,1
DA:67,1
DA:69,0
DA:74,0
DA:75,0
DA:76,0
DA:79,0
DA:81,1
DA:84,0
DA:93,1
DA:94,2
DA:95,2
DA:96,2
DA:97,0
DA:99,2
DA:108,3
DA:110,2
DA:111,2
DA:112,2
DA:113,2
DA:114,2
DA:115,2
DA:116,2
DA:119,1
DA:120,0
DA:124,1
DA:125,0
DA:128,2
DA:130,1
DA:131,1
DA:136,1
DA:137,1
DA:145,2
DA:146,2
DA:148,2
DA:149,2
DA:150,0
DA:152,2
DA:153,1
DA:154,1
DA:155,1
DA:158,1
DA:159,1
DA:160,1
DA:161,1
DA:163,0
DA:166,2
DA:169,2
DA:171,2
DA:178,2
DA:179,0
DA:184,0
LF:67
LH:53
BRDA:32,0,0,1
BRDA:32,0,1,1
BRDA:32,0,2,0
BRDA:51,1,0,1
BRDA:53,2,0,1
BRDA:53,2,1,1
BRDA:54,3,0,1
BRDA:54,3,1,1
BRDA:55,4,0,1
BRDA:55,4,1,0
BRDA:58,5,0,1
BRDA:58,5,1,0
BRDA:61,6,0,1
BRDA:61,6,1,0
BRDA:61,7,0,1
BRDA:61,7,1,1
BRDA:66,8,0,1
BRDA:66,8,1,0
BRDA:75,9,0,0
BRDA:75,9,1,0
BRDA:95,10,0,0
BRDA:95,10,1,2
BRDA:95,11,0,2
BRDA:95,11,1,0
BRDA:96,12,0,2
BRDA:96,12,1,0
BRDA:96,13,0,2
BRDA:96,13,1,2
BRDA:97,14,0,0
BRDA:97,14,1,0
BRDA:97,15,0,0
BRDA:97,15,1,0
BRDA:99,16,0,2
BRDA:99,16,1,0
BRDA:113,17,0,2
BRDA:113,17,1,0
BRDA:114,18,0,2
BRDA:114,18,1,1
BRDA:117,19,0,1
BRDA:117,19,1,1
BRDA:122,20,0,1
BRDA:122,20,1,1
BRDA:131,21,0,1
BRDA:131,21,1,0
BRDA:137,22,0,1
BRDA:137,22,1,0
BRDA:149,23,0,0
BRDA:149,23,1,2
BRDA:152,24,0,1
BRDA:152,24,1,1
BRDA:158,25,0,1
BRDA:158,25,1,0
BRDA:186,26,0,0
BRDA:186,26,1,0
BRDA:186,26,2,0
BRDA:186,26,3,0
BRF:56
BRH:32
end_of_record
TN:
SF:js/epics/index.js
FN:41,(anonymous_0)
FN:43,(anonymous_1)
FN:45,(anonymous_2)
FN:69,(anonymous_3)
FN:71,(anonymous_4)
FN:72,(anonymous_5)
FN:76,(anonymous_6)
FN:79,(anonymous_7)
FN:81,(anonymous_8)
FN:82,(anonymous_9)
FN:83,(anonymous_10)
FN:102,(anonymous_11)
FN:102,(anonymous_12)
FN:104,(anonymous_13)
FN:106,(anonymous_14)
FN:108,(anonymous_15)
FN:112,(anonymous_16)
FN:113,(anonymous_17)
FN:114,(anonymous_18)
FN:116,(anonymous_19)
FN:118,(anonymous_20)
FN:125,(anonymous_21)
FN:126,(anonymous_22)
FN:127,(anonymous_23)
FN:138,(anonymous_24)
FN:140,(anonymous_25)
FN:149,(anonymous_26)
FN:154,(anonymous_27)
FN:154,(anonymous_28)
FN:156,(anonymous_29)
FN:167,(anonymous_30)
FN:174,(anonymous_31)
FN:179,(anonymous_32)
FNF:33
FNH:15
FNDA:1,(anonymous_0)
FNDA:1,(anonymous_1)
FNDA:1,(anonymous_2)
FNDA:0,(anonymous_3)
FNDA:0,(anonymous_4)
FNDA:0,(anonymous_5)
FNDA:0,(anonymous_6)
FNDA:0,(anonymous_7)
FNDA:0,(anonymous_8)
FNDA:0,(anonymous_9)
FNDA:0,(anonymous_10)
FNDA:2,(anonymous_11)
FNDA:0,(anonymous_12)
FNDA:2,(anonymous_13)
FNDA:1,(anonymous_14)
FNDA:1,(anonymous_15)
FNDA:1,(anonymous_16)
FNDA:1,(anonymous_17)
FNDA:1,(anonymous_18)
FNDA:1,(anonymous_19)
FNDA:1,(anonymous_20)
FNDA:1,(anonymous_21)
FNDA:1,(anonymous_22)
FNDA:1,(anonymous_23)
FNDA:0,(anonymous_24)
FNDA:0,(anonymous_25)
FNDA:0,(anonymous_26)
FNDA:0,(anonymous_27)
FNDA:0,(anonymous_28)
FNDA:0,(anonymous_29)
FNDA:0,(anonymous_30)
FNDA:0,(anonymous_31)
FNDA:0,(anonymous_32)
DA:41,1
DA:42,1
DA:43,1
DA:46,1
DA:47,1
DA:48,1
DA:49,1
DA:50,1
DA:51,1
DA:69,1
DA:70,0
DA:71,0
DA:73,0
DA:74,0
DA:75,0
DA:76,0
DA:77,0
DA:80,0
DA:81,0
DA:82,0
DA:84,0
DA:102,1
DA:103,2
DA:105,2
DA:106,1
DA:107,1
DA:108,1
DA:109,1
DA:110,0
DA:112,1
DA:114,1
DA:116,1
DA:118,1
DA:123,1
DA:125,1
DA:127,1
DA:128,1
DA:132,1
DA:138,1
DA:139,0
DA:141,0
DA:142,0
DA:143,0
DA:150,0
DA:151,0
DA:154,1
DA:155,0
DA:157,0
DA:158,0
DA:159,0
DA:160,0
DA:161,0
DA:163,0
DA:164,0
DA:165,0
DA:167,0
DA:168,0
DA:169,0
DA:170,0
DA:171,0
DA:172,0
DA:174,0
DA:175,0
DA:176,0
DA:178,0
DA:179,0
DA:180,0
LF:67
LH:28
BRDA:41,0,0,0
BRDA:43,1,0,1
BRDA:43,1,1,1
BRDA:43,1,2,1
BRDA:43,1,3,0
BRDA:43,1,4,0
BRDA:46,2,0,1
BRDA:46,2,1,0
BRDA:48,3,0,1
BRDA:48,3,1,0
BRDA:51,4,0,1
BRDA:51,4,1,0
BRDA:69,5,0,0
BRDA:71,6,0,0
BRDA:71,6,1,0
BRDA:73,7,0,0
BRDA:73,7,1,0
BRDA:77,8,0,0
BRDA:77,8,1,0
BRDA:78,9,0,0
BRDA:78,9,1,0
BRDA:102,10,0,0
BRDA:102,11,0,0
BRDA:105,12,0,1
BRDA:105,12,1,1
BRDA:106,13,0,1
BRDA:106,13,1,0
BRDA:107,14,0,1
BRDA:107,14,1,1
BRDA:109,15,0,0
BRDA:109,15,1,1
BRDA:113,16,0,0
BRDA:118,17,0,1
BRDA:118,17,1,0
BRDA:123,18,0,0
BRDA:123,18,1,1
BRDA:126,19,0,0
BRDA:144,20,0,0
BRDA:144,20,1,0
BRDA:144,20,2,0
BRDA:154,21,0,0
BRDA:154,22,0,0
BRDA:160,23,0,0
BRDA:160,23,1,0
BRDA:160,24,0,0
BRDA:160,24,1,0
BRDA:163,25,0,0
BRDA:163,25,1,0
BRDA:164,26,0,0
BRDA:164,26,1,0
BRDA:168,27,0,0
BRDA:168,27,1,0
BRDA:171,28,0,0
BRDA:171,28,1,0
BRDA:171,29,0,0
BRDA:171,29,1,0
BRDA:171,29,2,0
BRDA:174,30,0,0
BRDA:174,30,1,0
BRDA:175,31,0,0
BRDA:175,31,1,0
BRF:61
BRH:14
end_of_record
TN:
SF:js/epics/resourceservice.js
FN:41,(anonymous_0)
FN:43,(anonymous_1)
FN:51,(anonymous_2)
FN:52,(anonymous_3)
FN:53,(anonymous_4)
FN:55,(anonymous_5)
FN:56,(anonymous_6)
FN:58,(anonymous_7)
FN:77,(anonymous_8)
FN:80,(anonymous_9)
FN:81,(anonymous_10)
FN:82,(anonymous_11)
FN:83,(anonymous_12)
FN:85,(anonymous_13)
FN:88,(anonymous_14)
FN:90,(anonymous_15)
FN:106,(anonymous_16)
FN:115,(anonymous_17)
FN:117,(anonymous_18)
FN:119,(anonymous_19)
FN:120,(anonymous_20)
FN:126,(anonymous_21)
FN:128,(anonymous_22)
FNF:23
FNH:12
FNDA:2,(anonymous_0)
FNDA:2,(anonymous_1)
FNDA:1,(anonymous_2)
FNDA:1,(anonymous_3)
FNDA:1,(anonymous_4)
FNDA:1,(anonymous_5)
FNDA:0,(anonymous_6)
FNDA:1,(anonymous_7)
FNDA:0,(anonymous_8)
FNDA:0,(anonymous_9)
FNDA:0,(anonymous_10)
FNDA:0,(anonymous_11)
FNDA:0,(anonymous_12)
FNDA:0,(anonymous_13)
FNDA:0,(anonymous_14)
FNDA:0,(anonymous_15)
FNDA:0,(anonymous_16)
FNDA:1,(anonymous_17)
FNDA:1,(anonymous_18)
FNDA:1,(anonymous_19)
FNDA:0,(anonymous_20)
FNDA:1,(anonymous_21)
FNDA:1,(anonymous_22)
DA:41,1
DA:42,2
DA:44,2
DA:45,2
DA:46,1
DA:49,1
DA:51,1
DA:52,1
DA:54,1
DA:55,1
DA:56,0
DA:59,1
DA:60,1
DA:65,0
DA:71,1
DA:77,1
DA:78,0
DA:81,0
DA:82,0
DA:83,0
DA:85,0
DA:89,0
DA:91,0
DA:95,0
DA:106,0
DA:115,1
DA:116,1
DA:118,1
DA:119,1
DA:121,0
DA:123,0
DA:124,0
DA:126,1
DA:129,1
DA:130,1
DA:131,1
DA:133,0
LF:37
LH:22
BRDA:44,0,0,2
BRDA:44,0,1,1
BRDA:45,1,0,1
BRDA:45,1,1,1
BRDA:45,2,0,2
BRDA:45,2,1,1
BRDA:46,3,0,1
BRDA:46,3,1,0
BRDA:50,4,0,1
BRDA:50,4,1,1
BRDA:52,5,0,1
BRDA:52,5,1,0
BRDA:56,6,0,0
BRDA:56,6,1,0
BRDA:56,6,2,0
BRDA:56,6,3,0
BRDA:59,7,0,1
BRDA:59,7,1,0
BRDA:59,8,0,1
BRDA:59,8,1,1
BRDA:59,8,2,0
BRDA:85,9,0,0
BRDA:85,9,1,0
BRDA:85,9,2,0
BRDA:85,9,3,0
BRDA:92,10,0,0
BRDA:92,10,1,0
BRDA:96,11,0,0
BRDA:96,11,1,0
BRDA:107,12,0,0
BRDA:107,12,1,0
BRDA:121,13,0,0
BRDA:121,13,1,0
BRDA:126,14,0,1
BRDA:126,14,1,1
BRDA:126,14,2,1
BRDA:126,14,3,0
BRDA:129,15,0,1
BRDA:129,15,1,0
BRDA:130,16,0,1
BRDA:130,16,1,0
BRF:41
BRH:18
end_of_record
TN:
SF:js/hooks/useLocalStorage.js
FN:11,(anonymous_0)
FN:13,(anonymous_1)
FN:30,(anonymous_2)
FN:43,(anonymous_3)
FN:47,(anonymous_4)
FN:48,(anonymous_5)
FN:53,(anonymous_6)
FNF:7
FNH:6
FNDA:52,(anonymous_0)
FNDA:4,(anonymous_1)
FNDA:52,(anonymous_2)
FNDA:2,(anonymous_3)
FNDA:2,(anonymous_4)
FNDA:0,(anonymous_5)
FNDA:2,(anonymous_6)
DA:13,52
DA:14,4
DA:15,0
DA:18,4
DA:19,4
DA:20,4
DA:23,0
DA:24,0
DA:28,52
DA:30,52
DA:32,52
DA:33,52
DA:34,52
DA:35,50
DA:36,50
DA:39,2
DA:43,52
DA:44,2
DA:47,52
DA:48,2
DA:49,0
DA:51,2
DA:53,2
DA:54,2
DA:59,52
LF:25
LH:21
BRDA:14,0,0,0
BRDA:14,0,1,4
BRDA:20,1,0,3
BRDA:20,1,1,1
BRDA:33,2,0,0
BRDA:33,2,1,52
BRF:6
BRH:4
end_of_record
TN:
SF:js/plugins/Legend.jsx
FN:22,applyVersionParamToLegend
FN:28,Legend
FN:42,(anonymous_2)
FN:43,(anonymous_3)
FN:77,(anonymous_4)
FN:78,(anonymous_5)
FN:98,(anonymous_6)
FN:99,(anonymous_7)
FNF:8
FNH:4
FNDA:1,applyVersionParamToLegend
FNDA:1,Legend
FNDA:0,(anonymous_2)
FNDA:0,(anonymous_3)
FNDA:0,(anonymous_4)
FNDA:0,(anonymous_5)
FNDA:1,(anonymous_6)
FNDA:1,(anonymous_7)
DA:25,1
DA:40,1
DA:42,1
DA:43,0
DA:46,1
DA:47,0
DA:50,1
DA:78,0
DA:79,0
DA:91,1
DA:98,1
DA:99,1
LF:12
LH:8
BRDA:46,0,0,0
BRDA:46,0,1,1
BRDA:53,1,0,0
BRDA:53,1,1,1
BRDA:56,2,0,0
BRDA:56,2,1,1
BRDA:99,3,0,1
BRDA:99,3,1,1
BRDA:102,4,0,1
BRDA:102,4,1,1
BRDA:102,4,2,1
BRDA:103,5,0,1
BRDA:103,5,1,1
BRDA:103,5,2,0
BRDA:103,5,3,0
BRDA:103,5,4,1
BRDA:105,6,0,0
BRDA:105,6,1,1
BRDA:107,7,0,1
BRDA:107,7,1,1
BRF:20
BRH:14
end_of_record
TN:
SF:js/plugins/Sync.jsx
FN:20,SyncButton
FN:25,(anonymous_1)
FN:37,(anonymous_2)
FNF:3
FNH:2
FNDA:1,SyncButton
FNDA:0,(anonymous_1)
FNDA:1,(anonymous_2)
DA:22,1
DA:25,0
DA:30,1
DA:34,1
DA:37,1
LF:5
LH:4
BRDA:22,0,0,1
BRDA:22,0,1,1
BRF:2
BRH:2
end_of_record
TN:
SF:js/plugins/CreateDataset/utils/CreateDatasetUtils.js
FN:46,(anonymous_0)
FN:60,(anonymous_1)
FN:268,(anonymous_2)
FN:274,(anonymous_3)
FN:280,(anonymous_4)
FN:317,(anonymous_5)
FN:318,(anonymous_6)
FN:349,(anonymous_7)
FN:353,(anonymous_8)
FN:354,(anonymous_9)
FN:414,(anonymous_10)
FN:418,(anonymous_11)
FNF:12
FNH:12
FNDA:31,(anonymous_0)
FNDA:10,(anonymous_1)
FNDA:17,(anonymous_2)
FNDA:31,(anonymous_3)
FNDA:31,(anonymous_4)
FNDA:18,(anonymous_5)
FNDA:43,(anonymous_6)
FNDA:36,(anonymous_7)
FNDA:6,(anonymous_8)
FNDA:34,(anonymous_9)
FNDA:10,(anonymous_10)
FNDA:17,(anonymous_11)
DA:11,1
DA:21,1
DA:27,1
DA:34,1
DA:46,1
DA:47,31
DA:48,1
DA:50,30
DA:60,1
DA:61,10
DA:68,1
DA:268,1
DA:269,17
DA:271,17
DA:274,12
DA:275,31
DA:276,31
DA:277,31
DA:280,12
DA:281,31
DA:284,31
DA:285,9
DA:292,31
DA:293,11
DA:294,11
DA:295,3
DA:299,3
DA:307,12
DA:317,1
DA:318,43
DA:319,18
DA:321,10
DA:322,2
DA:324,8
DA:325,2
DA:327,6
DA:328,2
DA:330,4
DA:331,2
DA:334,10
DA:337,1
DA:349,1
DA:350,36
DA:351,36
DA:353,36
DA:354,36
DA:356,36
DA:358,36
DA:359,33
DA:360,32
DA:361,2
DA:364,30
DA:365,30
DA:368,30
DA:369,30
DA:370,30
DA:371,5
DA:378,4
DA:380,1
DA:383,25
DA:387,30
DA:388,30
DA:389,37
DA:392,32
DA:393,32
DA:394,1
DA:396,1
DA:399,31
DA:408,31
DA:409,6
DA:410,1
DA:412,5
DA:413,5
DA:414,10
DA:415,2
DA:417,5
DA:418,17
DA:429,25
DA:430,10
DA:431,1
DA:432,9
DA:433,1
DA:435,8
DA:436,8
DA:439,8
DA:440,1
DA:442,7
DA:443,1
DA:446,7
DA:447,7
DA:448,7
DA:449,7
DA:454,31
DA:457,29
DA:463,1
DA:464,1
LF:96
LH:96
BRDA:47,0,0,1
BRDA:47,0,1,30
BRDA:61,1,0,10
BRDA:61,1,1,4
BRDA:268,2,0,1
BRDA:271,3,0,5
BRDA:271,3,1,12
BRDA:276,4,0,26
BRDA:276,4,1,5
BRDA:276,5,0,26
BRDA:276,5,1,21
BRDA:284,6,0,9
BRDA:284,6,1,22
BRDA:284,7,0,31
BRDA:284,7,1,26
BRDA:292,8,0,11
BRDA:292,8,1,20
BRDA:294,9,0,3
BRDA:294,9,1,8
BRDA:294,10,0,11
BRDA:294,10,1,9
BRDA:294,10,2,8
BRDA:319,11,0,10
BRDA:319,11,1,8
BRDA:321,12,0,2
BRDA:321,12,1,8
BRDA:324,13,0,2
BRDA:324,13,1,6
BRDA:327,14,0,2
BRDA:327,14,1,4
BRDA:330,15,0,2
BRDA:330,15,1,2
BRDA:358,16,0,3
BRDA:358,16,1,33
BRDA:358,17,0,36
BRDA:358,17,1,34
BRDA:359,18,0,1
BRDA:359,18,1,32
BRDA:360,19,0,2
BRDA:360,19,1,30
BRDA:360,20,0,32
BRDA:360,20,1,31
BRDA:364,21,0,28
BRDA:364,22,0,26
BRDA:370,23,0,5
BRDA:370,23,1,25
BRDA:371,24,0,4
BRDA:371,24,1,1
BRDA:371,25,0,5
BRDA:371,25,1,5
BRDA:389,26,0,5
BRDA:389,26,1,32
BRDA:393,27,0,1
BRDA:393,27,1,31
BRDA:395,28,0,1
BRDA:395,28,1,0
BRDA:402,29,0,4
BRDA:402,29,1,27
BRDA:408,30,0,6
BRDA:408,30,1,25
BRDA:409,31,0,1
BRDA:409,31,1,5
BRDA:414,32,0,2
BRDA:414,32,1,3
BRDA:414,33,0,5
BRDA:414,33,1,4
BRDA:420,34,0,1
BRDA:420,34,1,16
BRDA:421,35,0,11
BRDA:421,35,1,5
BRDA:423,36,0,5
BRDA:423,36,1,0
BRDA:429,37,0,10
BRDA:429,37,1,15
BRDA:429,38,0,25
BRDA:429,38,1,16
BRDA:430,39,0,1
BRDA:430,39,1,9
BRDA:432,40,0,1
BRDA:432,40,1,8
BRDA:439,41,0,1
BRDA:439,41,1,7
BRDA:439,42,0,8
BRDA:439,42,1,2
BRDA:442,43,0,1
BRDA:442,43,1,6
BRDA:442,44,0,7
BRDA:442,44,1,6
BRDA:448,45,0,1
BRDA:448,45,1,6
BRDA:448,46,0,2
BRDA:448,46,1,4
BRDA:449,47,0,1
BRDA:449,47,1,6
BRDA:449,48,0,2
BRDA:449,48,1,4
BRF:96
BRH:94
end_of_record
TN:
SF:js/plugins/hydrata/Anuga/actionsAnuga.js
FNF:0
FNH:0
DA:2,1
LF:1
LH:1
BRF:0
BRH:0
end_of_record
TN:
SF:js/plugins/hydrata/Anuga/epicsAnuga.js
FNF:0
FNH:0
LF:0
LH:0
BRF:0
BRH:0
end_of_record
TN:
SF:js/plugins/hydrata/Anuga/reducersAnuga.js
FNF:0
FNH:0
LF:0
LH:0
BRF:0
BRH:0
end_of_record
TN:
SF:js/plugins/hydrata/Anuga/selectorsAnuga.js
FN:10,(anonymous_0)
FN:13,(anonymous_1)
FN:17,(anonymous_2)
FN:20,(anonymous_3)
FN:23,(anonymous_4)
FN:26,(anonymous_5)
FN:29,(anonymous_6)
FN:32,(anonymous_7)
FN:35,(anonymous_8)
FN:43,(anonymous_9)
FN:59,(anonymous_10)
FN:64,(anonymous_11)
FN:67,(anonymous_12)
FN:72,(anonymous_13)
FN:73,(anonymous_14)
FN:80,(anonymous_15)
FN:80,(anonymous_16)
FN:80,(anonymous_17)
FN:87,(anonymous_18)
FN:93,(anonymous_19)
FN:93,(anonymous_20)
FN:96,(anonymous_21)
FN:117,(anonymous_22)
FN:119,(anonymous_23)
FN:121,(anonymous_24)
FN:130,(anonymous_25)
FN:133,(anonymous_26)
FN:138,(anonymous_27)
FN:139,(anonymous_28)
FN:163,(anonymous_29)
FN:167,(anonymous_30)
FN:173,(anonymous_31)
FN:181,(anonymous_32)
FN:196,(anonymous_33)
FN:210,(anonymous_34)
FN:222,(anonymous_35)
FN:229,(anonymous_36)
FN:236,(anonymous_37)
FNF:38
FNH:38
FNDA:127,(anonymous_0)
FNDA:10,(anonymous_1)
FNDA:7,(anonymous_2)
FNDA:12,(anonymous_3)
FNDA:5,(anonymous_4)
FNDA:14,(anonymous_5)
FNDA:5,(anonymous_6)
FNDA:3,(anonymous_7)
FNDA:5,(anonymous_8)
FNDA:25,(anonymous_9)
FNDA:12,(anonymous_10)
FNDA:12,(anonymous_11)
FNDA:11,(anonymous_12)
FNDA:5,(anonymous_13)
FNDA:5,(anonymous_14)
FNDA:5,(anonymous_15)
FNDA:8,(anonymous_16)
FNDA:6,(anonymous_17)
FNDA:2,(anonymous_18)
FNDA:3,(anonymous_19)
FNDA:5,(anonymous_20)
FNDA:2,(anonymous_21)
FNDA:3,(anonymous_22)
FNDA:27,(anonymous_23)
FNDA:12,(anonymous_24)
FNDA:2,(anonymous_25)
FNDA:3,(anonymous_26)
FNDA:2,(anonymous_27)
FNDA:105,(anonymous_28)
FNDA:173,(anonymous_29)
FNDA:28,(anonymous_30)
FNDA:32,(anonymous_31)
FNDA:59,(anonymous_32)
FNDA:74,(anonymous_33)
FNDA:40,(anonymous_34)
FNDA:3,(anonymous_35)
FNDA:2,(anonymous_36)
FNDA:3,(anonymous_37)
DA:10,1
DA:11,127
DA:13,1
DA:14,10
DA:17,1
DA:18,7
DA:20,1
DA:21,12
DA:23,1
DA:24,5
DA:26,1
DA:27,14
DA:29,1
DA:30,5
DA:32,1
DA:33,3
DA:35,1
DA:36,5
DA:43,1
DA:44,25
DA:45,16
DA:47,7
DA:49,5
DA:51,9
DA:59,1
DA:60,12
DA:64,1
DA:65,12
DA:67,1
DA:68,11
DA:72,5
DA:73,5
DA:78,1
DA:80,8
DA:81,6
DA:82,6
DA:83,6
DA:87,1
DA:88,2
DA:91,1
DA:93,5
DA:96,1
DA:97,2
DA:98,2
DA:99,1
DA:104,1
DA:115,1
DA:117,1
DA:118,3
DA:119,3
DA:120,27
DA:121,27
DA:122,12
DA:125,3
DA:130,1
DA:131,2
DA:132,2
DA:133,3
DA:138,2
DA:139,105
DA:163,1
DA:164,173
DA:165,173
DA:166,173
DA:167,28
DA:168,22
DA:170,152
DA:173,32
DA:181,1
DA:182,59
DA:183,59
DA:184,22
DA:186,15
DA:187,13
DA:196,1
DA:197,74
DA:198,74
DA:199,28
DA:201,20
DA:202,19
DA:210,1
DA:211,40
DA:212,40
DA:213,32
DA:214,3
DA:222,3
DA:229,2
DA:236,3
LF:88
LH:88
BRDA:11,0,0,127
BRDA:11,0,1,26
BRDA:14,1,0,10
BRDA:14,1,1,0
BRDA:44,2,0,9
BRDA:44,2,1,16
BRDA:45,3,0,7
BRDA:45,3,1,9
BRDA:47,4,0,2
BRDA:47,4,1,5
BRDA:49,5,0,5
BRDA:49,5,1,4
BRDA:65,6,0,12
BRDA:65,6,1,1
BRDA:68,7,0,11
BRDA:68,7,1,10
BRDA:72,8,0,5
BRDA:72,8,1,1
BRDA:73,9,0,5
BRDA:73,9,1,1
BRDA:81,10,0,6
BRDA:81,10,1,0
BRDA:82,11,0,6
BRDA:82,11,1,0
BRDA:88,12,0,2
BRDA:88,12,1,1
BRDA:98,13,0,1
BRDA:98,13,1,1
BRDA:99,14,0,1
BRDA:99,14,1,0
BRDA:120,15,0,27
BRDA:120,15,1,0
BRDA:131,16,0,2
BRDA:131,16,1,0
BRDA:138,17,0,2
BRDA:138,17,1,1
BRDA:139,18,0,105
BRDA:139,18,1,72
BRDA:166,19,0,22
BRDA:166,19,1,151
BRDA:166,20,0,173
BRDA:166,20,1,24
BRDA:166,20,2,24
BRDA:168,21,0,21
BRDA:168,21,1,1
BRDA:170,22,0,152
BRDA:170,22,1,2
BRDA:173,23,0,32
BRDA:173,23,1,30
BRDA:183,24,0,37
BRDA:183,24,1,22
BRDA:184,25,0,7
BRDA:184,25,1,15
BRDA:186,26,0,2
BRDA:186,26,1,13
BRDA:186,27,0,15
BRDA:186,27,1,6
BRDA:186,27,2,4
BRDA:198,28,0,46
BRDA:198,28,1,28
BRDA:199,29,0,8
BRDA:199,29,1,20
BRDA:201,30,0,1
BRDA:201,30,1,19
BRDA:201,31,0,20
BRDA:201,31,1,7
BRDA:201,31,2,7
BRDA:212,32,0,8
BRDA:212,32,1,32
BRDA:213,33,0,29
BRDA:213,33,1,3
BRF:71
BRH:65
end_of_record
TN:
SF:js/plugins/hydrata/Anuga/actions/comparisonActions.js
FN:35,setComparisonData
FN:39,toggleScenarioSelected
FN:43,(anonymous_2)
FN:47,compareScenariosSuccess
FN:48,(anonymous_4)
FN:62,updateComputeInstance
FN:66,updateComputeInstanceSuccess
FN:72,createAnugaBoundary
FN:76,createAnugaFriction
FN:80,createAnugaInflow
FN:84,createAnugaStructure
FN:88,createAnugaMeshRegion
FN:92,createNetwork
FN:96,createCatchment
FN:100,createNodes
FN:104,createLinks
FN:108,createFigure
FN:112,addComparison
FN:116,addAnugaBoundary
FN:120,addAnugaFriction
FN:124,addAnugaInflow
FN:128,addAnugaStructure
FN:132,addAnugaFullMesh
FN:136,addAnugaMeshRegion
FN:140,addNetwork
FN:144,addCatchment
FN:148,addNodes
FN:152,addLinks
FNF:28
FNH:3
FNDA:0,setComparisonData
FNDA:1,toggleScenarioSelected
FNDA:0,(anonymous_2)
FNDA:0,compareScenariosSuccess
FNDA:0,(anonymous_4)
FNDA:0,updateComputeInstance
FNDA:0,updateComputeInstanceSuccess
FNDA:0,createAnugaBoundary
FNDA:0,createAnugaFriction
FNDA:0,createAnugaInflow
FNDA:0,createAnugaStructure
FNDA:0,createAnugaMeshRegion
FNDA:0,createNetwork
FNDA:0,createCatchment
FNDA:0,createNodes
FNDA:0,createLinks
FNDA:0,createFigure
FNDA:1,addComparison
FNDA:0,addAnugaBoundary
FNDA:1,addAnugaFriction
FNDA:0,addAnugaInflow
FNDA:0,addAnugaStructure
FNDA:0,addAnugaFullMesh
FNDA:0,addAnugaMeshRegion
FNDA:0,addNetwork
FNDA:0,addCatchment
FNDA:0,addNodes
FNDA:0,addLinks
DA:1,1
DA:2,1
DA:4,1
DA:5,1
DA:6,1
DA:7,1
DA:8,1
DA:9,1
DA:13,1
DA:14,1
DA:15,1
DA:16,1
DA:17,1
DA:18,1
DA:19,1
DA:20,1
DA:21,1
DA:22,1
DA:23,1
DA:24,1
DA:25,1
DA:26,1
DA:27,1
DA:28,1
DA:29,1
DA:30,1
DA:31,1
DA:32,1
DA:33,1
DA:36,0
DA:40,1
DA:43,1
DA:44,0
DA:48,0
DA:49,0
DA:58,0
DA:63,0
DA:67,0
DA:73,0
DA:77,0
DA:81,0
DA:85,0
DA:89,0
DA:93,0
DA:97,0
DA:101,0
DA:105,0
DA:109,0
DA:113,1
DA:117,0
DA:121,1
DA:125,0
DA:129,0
DA:133,0
DA:137,0
DA:141,0
DA:145,0
DA:149,0
DA:153,0
DA:156,1
LF:60
LH:34
BRF:0
BRH:0
end_of_record
TN:
SF:js/plugins/hydrata/Anuga/actions/dataActions.js
FN:102,setAnugaProjectData
FN:106,setAnugaScenarioData
FN:110,setAnugaBoundaryData
FN:114,setAnugaFrictionData
FN:118,setAnugaInflowData
FN:122,setAnugaStructureData
FN:126,setAnugaFullMeshData
FN:130,setAnugaMeshRegionData
FN:134,setNetworkData
FN:138,setCatchmentData
FN:142,setAnugaNodesData
FN:146,setAnugaLinksData
FN:150,setPublicationData
FN:154,setAnugaTerrainData
FN:158,setAddAnugaTerrainData
FN:162,setAnugaPollingData
FN:166,setAnugaScenarioResultsLoaded
FN:170,updateAnugaResources
FN:174,setAnugaResources
FN:179,fetchMemberships
FN:183,setMemberships
FN:187,addMembershipRequest
FN:191,updateMembershipRequest
FN:195,deleteMembershipRequest
FN:199,setMembershipsLoading
FN:203,updateProjectVisibilityRequest
FN:208,fetchMyPerms
FN:212,setAnugaResourcePerms
FN:218,setPermsLoadFailed
FN:225,(anonymous_29)
FN:230,deleteTerrain
FN:233,deleteTerrainSuccess
FN:236,deleteTerrainBlocked
FN:239,deleteTerrainError
FN:243,deleteBoundary
FN:246,deleteBoundarySuccess
FN:249,deleteBoundaryBlocked
FN:252,deleteBoundaryError
FN:256,deleteFriction
FN:259,deleteFrictionSuccess
FN:262,deleteFrictionBlocked
FN:265,deleteFrictionError
FN:269,deleteInflow
FN:272,deleteInflowSuccess
FN:275,deleteInflowBlocked
FN:278,deleteInflowError
FN:286,deleteStructure
FN:289,deleteStructureSuccess
FN:292,deleteStructureBlocked
FN:295,deleteStructureError
FN:299,deleteMeshRegion
FN:302,deleteMeshRegionSuccess
FN:305,deleteMeshRegionBlocked
FN:308,deleteMeshRegionError
FN:312,deleteCatchment
FN:315,deleteCatchmentSuccess
FN:318,deleteCatchmentBlocked
FN:321,deleteCatchmentError
FN:325,deleteNodes
FN:328,deleteNodesSuccess
FN:331,deleteNodesBlocked
FN:334,deleteNodesError
FN:338,deleteLinks
FN:341,deleteLinksSuccess
FN:344,deleteLinksBlocked
FN:347,deleteLinksError
FN:354,deleteFrictionRaster
FN:357,deleteFrictionRasterSuccess
FN:360,deleteFrictionRasterBlocked
FN:363,deleteFrictionRasterError
FNF:70
FNH:29
FNDA:1,setAnugaProjectData
FNDA:0,setAnugaScenarioData
FNDA:0,setAnugaBoundaryData
FNDA:0,setAnugaFrictionData
FNDA:1,setAnugaInflowData
FNDA:0,setAnugaStructureData
FNDA:0,setAnugaFullMeshData
FNDA:0,setAnugaMeshRegionData
FNDA:0,setNetworkData
FNDA:0,setCatchmentData
FNDA:0,setAnugaNodesData
FNDA:0,setAnugaLinksData
FNDA:0,setPublicationData
FNDA:0,setAnugaTerrainData
FNDA:0,setAddAnugaTerrainData
FNDA:0,setAnugaPollingData
FNDA:0,setAnugaScenarioResultsLoaded
FNDA:0,updateAnugaResources
FNDA:0,setAnugaResources
FNDA:9,fetchMemberships
FNDA:0,setMemberships
FNDA:0,addMembershipRequest
FNDA:0,updateMembershipRequest
FNDA:0,deleteMembershipRequest
FNDA:0,setMembershipsLoading
FNDA:0,updateProjectVisibilityRequest
FNDA:4,fetchMyPerms
FNDA:14,setAnugaResourcePerms
FNDA:3,setPermsLoadFailed
FNDA:30,(anonymous_29)
FNDA:6,deleteTerrain
FNDA:5,deleteTerrainSuccess
FNDA:2,deleteTerrainBlocked
FNDA:4,deleteTerrainError
FNDA:2,deleteBoundary
FNDA:2,deleteBoundarySuccess
FNDA:1,deleteBoundaryBlocked
FNDA:1,deleteBoundaryError
FNDA:2,deleteFriction
FNDA:2,deleteFrictionSuccess
FNDA:1,deleteFrictionBlocked
FNDA:1,deleteFrictionError
FNDA:2,deleteInflow
FNDA:2,deleteInflowSuccess
FNDA:1,deleteInflowBlocked
FNDA:1,deleteInflowError
FNDA:1,deleteStructure
FNDA:0,deleteStructureSuccess
FNDA:0,deleteStructureBlocked
FNDA:0,deleteStructureError
FNDA:1,deleteMeshRegion
FNDA:0,deleteMeshRegionSuccess
FNDA:0,deleteMeshRegionBlocked
FNDA:0,deleteMeshRegionError
FNDA:1,deleteCatchment
FNDA:0,deleteCatchmentSuccess
FNDA:0,deleteCatchmentBlocked
FNDA:0,deleteCatchmentError
FNDA:1,deleteNodes
FNDA:0,deleteNodesSuccess
FNDA:0,deleteNodesBlocked
FNDA:0,deleteNodesError
FNDA:1,deleteLinks
FNDA:0,deleteLinksSuccess
FNDA:0,deleteLinksBlocked
FNDA:0,deleteLinksError
FNDA:2,deleteFrictionRaster
FNDA:0,deleteFrictionRasterSuccess
FNDA:0,deleteFrictionRasterBlocked
FNDA:0,deleteFrictionRasterError
DA:1,1
DA:2,1
DA:3,1
DA:4,1
DA:5,1
DA:6,1
DA:7,1
DA:8,1
DA:9,1
DA:10,1
DA:11,1
DA:12,1
DA:13,1
DA:14,1
DA:15,1
DA:16,1
DA:17,1
DA:18,1
DA:19,1
DA:22,1
DA:23,1
DA:24,1
DA:25,1
DA:26,1
DA:27,1
DA:28,1
DA:36,1
DA:37,1
DA:38,1
DA:49,1
DA:50,1
DA:51,1
DA:52,1
DA:54,1
DA:55,1
DA:56,1
DA:57,1
DA:59,1
DA:60,1
DA:61,1
DA:62,1
DA:64,1
DA:65,1
DA:66,1
DA:67,1
DA:70,1
DA:71,1
DA:72,1
DA:73,1
DA:75,1
DA:76,1
DA:77,1
DA:78,1
DA:80,1
DA:81,1
DA:82,1
DA:83,1
DA:85,1
DA:86,1
DA:87,1
DA:88,1
DA:90,1
DA:91,1
DA:92,1
DA:93,1
DA:97,1
DA:98,1
DA:99,1
DA:100,1
DA:103,1
DA:107,0
DA:111,0
DA:115,0
DA:119,1
DA:123,0
DA:127,0
DA:131,0
DA:135,0
DA:139,0
DA:143,0
DA:147,0
DA:151,0
DA:155,0
DA:159,0
DA:163,0
DA:167,0
DA:171,0
DA:175,0
DA:180,9
DA:184,0
DA:188,0
DA:192,0
DA:196,0
DA:200,0
DA:204,0
DA:209,4
DA:215,14
DA:219,3
DA:225,1
DA:226,30
DA:227,9
DA:228,1
DA:231,6
DA:234,5
DA:237,2
DA:240,4
DA:244,2
DA:247,2
DA:250,1
DA:253,1
DA:257,2
DA:260,2
DA:263,1
DA:266,1
DA:270,2
DA:273,2
DA:276,1
DA:279,1
DA:287,1
DA:290,0
DA:293,0
DA:296,0
DA:300,1
DA:303,0
DA:306,0
DA:309,0
DA:313,1
DA:316,0
DA:319,0
DA:322,0
DA:326,1
DA:329,0
DA:332,0
DA:335,0
DA:339,1
DA:342,0
DA:345,0
DA:348,0
DA:355,2
DA:358,0
DA:361,0
DA:364,0
DA:367,1
LF:143
LH:102
BRDA:170,0,0,0
BRDA:226,1,0,21
BRDA:226,1,1,9
BRDA:227,2,0,8
BRDA:227,2,1,1
BRDA:227,3,0,9
BRDA:227,3,1,9
BRDA:227,3,2,1
BRF:8
BRH:7
end_of_record
TN:
SF:js/plugins/hydrata/Anuga/actions/pollingActions.js
FN:11,startAnugaScenarioPolling
FN:15,stopAnugaScenarioPolling
FN:19,startAnugaModelCreationPolling
FN:23,stopAnugaModelCreationPolling
FN:27,startComparisonPolling
FN:31,stopComparisonPolling
FN:35,startActiveRunPolling
FN:39,stopActiveRunPolling
FN:43,updateRunStatus
FNF:9
FNH:4
FNDA:0,startAnugaScenarioPolling
FNDA:0,stopAnugaScenarioPolling
FNDA:5,startAnugaModelCreationPolling
FNDA:0,stopAnugaModelCreationPolling
FNDA:0,startComparisonPolling
FNDA:0,stopComparisonPolling
FNDA:1,startActiveRunPolling
FNDA:1,stopActiveRunPolling
FNDA:1,updateRunStatus
DA:1,1
DA:2,1
DA:3,1
DA:4,1
DA:5,1
DA:6,1
DA:7,1
DA:8,1
DA:9,1
DA:12,0
DA:16,0
DA:20,5
DA:24,0
DA:28,0
DA:32,0
DA:36,1
DA:40,1
DA:44,1
DA:47,1
LF:19
LH:14
BRF:0
BRH:0
end_of_record
TN:
SF:js/plugins/hydrata/Anuga/actions/scenarioActions.js
FN:22,createAnugaTerrainFromLayer
FN:26,addAnugaScenario
FN:30,saveAnugaScenario
FN:34,saveAnugaScenarioSuccess
FN:35,(anonymous_4)
FN:49,saveAnugaScenarioError
FN:50,(anonymous_6)
FN:64,runAnugaScenario
FN:68,cancelAnugaRun
FN:72,retryAnugaRun
FN:76,runAnugaScenarioSuccess
FN:77,(anonymous_11)
FN:91,runNetwork
FN:95,runNetworkSuccess
FN:96,(anonymous_14)
FN:110,deleteAnugaScenario
FN:114,deleteAnugaScenarioSuccess
FN:115,(anonymous_17)
FN:129,updateAnugaScenario
FN:136,updateNetwork
FN:143,saveNetwork
FN:147,(anonymous_21)
FNF:22
FNH:3
FNDA:0,createAnugaTerrainFromLayer
FNDA:0,addAnugaScenario
FNDA:0,saveAnugaScenario
FNDA:0,saveAnugaScenarioSuccess
FNDA:0,(anonymous_4)
FNDA:0,saveAnugaScenarioError
FNDA:0,(anonymous_6)
FNDA:0,runAnugaScenario
FNDA:1,cancelAnugaRun
FNDA:1,retryAnugaRun
FNDA:0,runAnugaScenarioSuccess
FNDA:0,(anonymous_11)
FNDA:0,runNetwork
FNDA:0,runNetworkSuccess
FNDA:0,(anonymous_14)
FNDA:0,deleteAnugaScenario
FNDA:0,deleteAnugaScenarioSuccess
FNDA:0,(anonymous_17)
FNDA:0,updateAnugaScenario
FNDA:0,updateNetwork
FNDA:0,saveNetwork
FNDA:1,(anonymous_21)
DA:1,1
DA:2,1
DA:4,1
DA:5,1
DA:6,1
DA:7,1
DA:8,1
DA:9,1
DA:10,1
DA:11,1
DA:12,1
DA:13,1
DA:14,1
DA:15,1
DA:16,1
DA:17,1
DA:18,1
DA:19,1
DA:20,1
DA:23,0
DA:27,0
DA:31,0
DA:35,0
DA:36,0
DA:45,0
DA:50,0
DA:51,0
DA:60,0
DA:65,0
DA:69,1
DA:73,1
DA:77,0
DA:78,0
DA:87,0
DA:92,0
DA:96,0
DA:97,0
DA:106,0
DA:111,0
DA:115,0
DA:116,0
DA:125,0
DA:130,0
DA:137,0
DA:144,0
DA:147,1
DA:148,1
DA:151,1
LF:48
LH:24
BRDA:64,0,0,0
BRF:1
BRH:0
end_of_record
TN:
SF:js/plugins/hydrata/Anuga/actions/uiActions.js
FN:15,initAnuga
FN:19,fixAnugaGroups
FN:23,setAnugaInputMenu
FN:27,setAnugaScenarioMenu
FN:31,setAnugaResultMenu
FN:35,setNetworkMenu
FN:39,setReviewPanel
FN:43,setPublicationPanel
FN:47,showAnugaScenarioLog
FN:51,showAnugaRunMenu
FN:55,setCreatingAnugaLayer
FN:59,(anonymous_11)
FN:63,setMembershipPanel
FNF:13
FNH:10
FNDA:9,initAnuga
FNDA:0,fixAnugaGroups
FNDA:5,setAnugaInputMenu
FNDA:1,setAnugaScenarioMenu
FNDA:1,setAnugaResultMenu
FNDA:1,setNetworkMenu
FNDA:1,setReviewPanel
FNDA:1,setPublicationPanel
FNDA:1,showAnugaScenarioLog
FNDA:1,showAnugaRunMenu
FNDA:1,setCreatingAnugaLayer
FNDA:0,(anonymous_11)
FNDA:0,setMembershipPanel
DA:1,1
DA:2,1
DA:3,1
DA:4,1
DA:5,1
DA:6,1
DA:7,1
DA:8,1
DA:9,1
DA:10,1
DA:11,1
DA:12,1
DA:13,1
DA:16,9
DA:20,0
DA:24,5
DA:28,1
DA:32,1
DA:36,1
DA:40,1
DA:44,1
DA:48,1
DA:52,1
DA:56,1
DA:59,1
DA:60,0
DA:64,0
DA:67,1
LF:28
LH:25
BRF:0
BRH:0
end_of_record
TN:
SF:js/plugins/hydrata/Anuga/api/anugaApi.js
FN:46,(anonymous_0)
FN:54,(anonymous_1)
FN:59,(anonymous_2)
FN:69,(anonymous_3)
FN:82,(anonymous_4)
FN:87,(anonymous_5)
FN:92,(anonymous_6)
FN:101,(anonymous_7)
FN:109,(anonymous_8)
FN:113,(anonymous_9)
FN:121,(anonymous_10)
FN:124,(anonymous_11)
FN:127,(anonymous_12)
FN:130,(anonymous_13)
FN:138,(anonymous_14)
FN:141,(anonymous_15)
FN:144,(anonymous_16)
FN:147,(anonymous_17)
FN:150,(anonymous_18)
FN:156,(anonymous_19)
FN:164,(anonymous_20)
FN:185,(anonymous_21)
FN:196,(anonymous_22)
FN:202,(anonymous_23)
FN:208,(anonymous_24)
FN:213,(anonymous_25)
FN:216,(anonymous_26)
FN:222,(anonymous_27)
FN:227,(anonymous_28)
FN:230,(anonymous_29)
FN:233,(anonymous_30)
FN:238,(anonymous_31)
FN:241,(anonymous_32)
FN:244,(anonymous_33)
FN:247,(anonymous_34)
FN:250,(anonymous_35)
FN:258,(anonymous_36)
FN:261,(anonymous_37)
FN:264,(anonymous_38)
FN:267,(anonymous_39)
FN:270,(anonymous_40)
FN:275,(anonymous_41)
FNF:42
FNH:26
FNDA:11,(anonymous_0)
FNDA:1,(anonymous_1)
FNDA:1,(anonymous_2)
FNDA:9,(anonymous_3)
FNDA:3,(anonymous_4)
FNDA:1,(anonymous_5)
FNDA:1,(anonymous_6)
FNDA:1,(anonymous_7)
FNDA:1,(anonymous_8)
FNDA:1,(anonymous_9)
FNDA:9,(anonymous_10)
FNDA:2,(anonymous_11)
FNDA:2,(anonymous_12)
FNDA:2,(anonymous_13)
FNDA:0,(anonymous_14)
FNDA:0,(anonymous_15)
FNDA:0,(anonymous_16)
FNDA:0,(anonymous_17)
FNDA:0,(anonymous_18)
FNDA:1,(anonymous_19)
FNDA:1,(anonymous_20)
FNDA:1,(anonymous_21)
FNDA:1,(anonymous_22)
FNDA:1,(anonymous_23)
FNDA:0,(anonymous_24)
FNDA:0,(anonymous_25)
FNDA:0,(anonymous_26)
FNDA:9,(anonymous_27)
FNDA:1,(anonymous_28)
FNDA:0,(anonymous_29)
FNDA:0,(anonymous_30)
FNDA:0,(anonymous_31)
FNDA:0,(anonymous_32)
FNDA:0,(anonymous_33)
FNDA:1,(anonymous_34)
FNDA:0,(anonymous_35)
FNDA:1,(anonymous_36)
FNDA:1,(anonymous_37)
FNDA:0,(anonymous_38)
FNDA:1,(anonymous_39)
FNDA:1,(anonymous_40)
FNDA:0,(anonymous_41)
DA:24,1
DA:44,1
DA:46,11
DA:54,1
DA:55,1
DA:59,1
DA:60,1
DA:69,1
DA:70,9
DA:73,3
DA:75,6
DA:82,1
DA:83,3
DA:87,1
DA:88,1
DA:92,1
DA:93,1
DA:101,1
DA:102,1
DA:109,1
DA:110,1
DA:113,1
DA:114,1
DA:121,1
DA:122,9
DA:124,1
DA:125,2
DA:127,1
DA:128,2
DA:130,1
DA:131,2
DA:138,1
DA:139,0
DA:141,1
DA:142,0
DA:144,1
DA:145,0
DA:147,1
DA:148,0
DA:150,1
DA:151,0
DA:156,1
DA:157,1
DA:164,1
DA:168,1
DA:169,1
DA:178,0
DA:185,1
DA:186,1
DA:196,1
DA:197,1
DA:202,1
DA:203,1
DA:208,1
DA:209,0
DA:213,1
DA:214,0
DA:216,1
DA:217,0
DA:222,1
DA:223,9
DA:227,1
DA:228,1
DA:230,1
DA:231,0
DA:233,1
DA:234,0
DA:238,1
DA:239,0
DA:241,1
DA:242,0
DA:244,1
DA:245,0
DA:247,1
DA:248,1
DA:250,1
DA:251,0
DA:258,1
DA:259,1
DA:261,1
DA:262,1
DA:264,1
DA:265,0
DA:267,1
DA:268,1
DA:270,1
DA:271,1
DA:275,1
DA:276,0
LF:89
LH:72
BRDA:46,0,0,11
BRDA:46,0,1,0
BRDA:59,1,0,1
BRDA:59,2,0,1
BRDA:70,3,0,3
BRDA:70,3,1,6
BRDA:168,4,0,1
BRDA:168,4,1,0
BRDA:168,5,0,1
BRDA:168,5,1,1
BRDA:216,6,0,0
BRDA:216,7,0,0
BRDA:238,8,0,0
BRF:13
BRH:8
end_of_record
TN:
SF:js/plugins/hydrata/Anuga/components/InputSection.js
FN:16,(anonymous_0)
FN:41,(anonymous_1)
FN:49,(anonymous_2)
FN:56,(anonymous_3)
FN:79,(anonymous_4)
FN:112,(anonymous_5)
FN:113,(anonymous_6)
FN:137,(anonymous_7)
FN:138,(anonymous_8)
FNF:9
FNH:2
FNDA:14,(anonymous_0)
FNDA:14,(anonymous_1)
FNDA:0,(anonymous_2)
FNDA:0,(anonymous_3)
FNDA:0,(anonymous_4)
FNDA:0,(anonymous_5)
FNDA:0,(anonymous_6)
FNDA:0,(anonymous_7)
FNDA:0,(anonymous_8)
DA:2,1
DA:3,1
DA:16,1
DA:31,14
DA:32,14
DA:39,14
DA:40,14
DA:41,14
DA:42,14
DA:43,0
DA:44,0
DA:46,14
DA:49,14
DA:50,0
DA:51,0
DA:52,0
DA:53,0
DA:56,14
DA:57,0
DA:58,0
DA:59,0
DA:60,0
DA:63,0
DA:67,14
DA:80,0
DA:81,0
DA:82,0
DA:112,0
DA:114,0
DA:115,0
DA:116,0
DA:117,0
DA:118,0
DA:119,0
DA:120,0
DA:137,0
DA:139,0
DA:162,1
LF:38
LH:14
BRDA:18,0,0,14
BRDA:19,1,0,0
BRDA:20,2,0,0
BRDA:28,3,0,0
BRDA:42,4,0,0
BRDA:42,4,1,14
BRDA:42,5,0,14
BRDA:42,5,1,0
BRDA:42,5,2,0
BRDA:50,6,0,0
BRDA:50,6,1,0
BRDA:57,7,0,0
BRDA:57,7,1,0
BRDA:59,8,0,0
BRDA:59,8,1,0
BRDA:75,9,0,14
BRDA:75,9,1,0
BRDA:76,10,0,14
BRDA:76,10,1,0
BRDA:77,11,0,14
BRDA:77,11,1,0
BRDA:78,12,0,14
BRDA:78,12,1,0
BRDA:79,13,0,14
BRDA:79,13,1,0
BRDA:80,14,0,0
BRDA:80,14,1,0
BRDA:80,15,0,0
BRDA:80,15,1,0
BRDA:85,16,0,14
BRDA:85,16,1,0
BRDA:87,17,0,6
BRDA:87,17,1,8
BRDA:90,18,0,0
BRDA:90,18,1,6
BRDA:98,19,0,0
BRDA:98,19,1,6
BRDA:100,20,0,0
BRDA:100,20,1,6
BRDA:104,21,0,0
BRDA:104,21,1,6
BRDA:114,22,0,0
BRDA:114,22,1,0
BRDA:117,23,0,0
BRDA:117,23,1,0
BRDA:128,24,0,14
BRDA:128,24,1,14
BRDA:130,25,0,0
BRDA:130,25,1,14
BRDA:133,26,0,0
BRDA:133,26,1,14
BRDA:137,27,0,14
BRDA:137,27,1,14
BRDA:137,28,0,0
BRDA:137,28,1,0
BRDA:138,29,0,14
BRDA:138,29,1,14
BRDA:140,30,0,0
BRDA:140,30,1,0
BRDA:152,31,0,14
BRDA:152,31,1,0
BRDA:152,32,0,14
BRDA:152,32,1,14
BRDA:152,32,2,14
BRF:64
BRH:27
end_of_record
TN:
SF:js/plugins/hydrata/Anuga/components/ScenarioTableRow.js
FN:49,(anonymous_0)
FN:55,(anonymous_1)
FN:61,(anonymous_2)
FN:67,(anonymous_3)
FN:71,(anonymous_4)
FN:79,(anonymous_5)
FN:86,(anonymous_6)
FN:99,(anonymous_7)
FN:107,(anonymous_8)
FN:130,(anonymous_9)
FN:204,(anonymous_10)
FN:214,(anonymous_11)
FN:230,(anonymous_12)
FN:241,(anonymous_13)
FN:257,(anonymous_14)
FN:284,(anonymous_15)
FN:292,(anonymous_16)
FN:337,(anonymous_17)
FN:380,(anonymous_18)
FN:398,(anonymous_19)
FN:418,(anonymous_20)
FN:426,(anonymous_21)
FN:447,(anonymous_22)
FNF:23
FNH:5
FNDA:0,(anonymous_0)
FNDA:0,(anonymous_1)
FNDA:0,(anonymous_2)
FNDA:0,(anonymous_3)
FNDA:0,(anonymous_4)
FNDA:0,(anonymous_5)
FNDA:39,(anonymous_6)
FNDA:0,(anonymous_7)
FNDA:13,(anonymous_8)
FNDA:13,(anonymous_9)
FNDA:13,(anonymous_10)
FNDA:0,(anonymous_11)
FNDA:0,(anonymous_12)
FNDA:0,(anonymous_13)
FNDA:0,(anonymous_14)
FNDA:0,(anonymous_15)
FNDA:13,(anonymous_16)
FNDA:0,(anonymous_17)
FNDA:0,(anonymous_18)
FNDA:0,(anonymous_19)
FNDA:0,(anonymous_20)
FNDA:0,(anonymous_21)
FNDA:0,(anonymous_22)
DA:2,1
DA:20,1
DA:49,13
DA:50,0
DA:51,0
DA:52,0
DA:55,13
DA:56,0
DA:57,0
DA:58,0
DA:61,13
DA:62,0
DA:63,0
DA:64,0
DA:67,13
DA:68,0
DA:71,13
DA:72,0
DA:73,0
DA:74,0
DA:75,0
DA:76,0
DA:79,13
DA:80,0
DA:81,0
DA:82,0
DA:83,0
DA:87,39
DA:88,39
DA:100,0
DA:108,13
DA:109,13
DA:110,13
DA:112,13
DA:114,13
DA:115,7
DA:121,6
DA:122,6
DA:123,6
DA:131,13
DA:132,13
DA:133,13
DA:135,13
DA:137,0
DA:144,0
DA:151,0
DA:152,0
DA:153,0
DA:166,0
DA:173,0
DA:180,0
DA:191,0
DA:197,0
DA:200,13
DA:205,13
DA:206,13
DA:207,13
DA:209,0
DA:210,0
DA:215,0
DA:216,0
DA:217,0
DA:218,0
DA:225,0
DA:230,0
DA:236,0
DA:237,0
DA:242,0
DA:243,0
DA:245,0
DA:252,0
DA:253,0
DA:258,0
DA:259,0
DA:260,0
DA:261,0
DA:271,0
DA:280,13
DA:284,0
DA:293,13
DA:294,13
DA:295,13
DA:296,13
DA:297,13
DA:298,13
DA:299,13
DA:300,13
DA:301,13
DA:302,13
DA:303,13
DA:305,13
DA:338,0
DA:339,0
DA:342,0
DA:381,0
DA:382,0
DA:385,0
DA:399,0
DA:400,0
DA:401,0
DA:403,0
DA:405,0
DA:419,0
DA:421,0
DA:422,0
DA:423,0
DA:427,0
DA:429,0
DA:430,0
DA:431,0
DA:448,0
DA:449,0
LF:112
LH:40
BRDA:109,0,0,0
BRDA:109,0,1,13
BRDA:112,1,0,0
BRDA:112,1,1,13
BRDA:114,2,0,7
BRDA:114,2,1,6
BRDA:114,3,0,13
BRDA:114,3,1,13
BRDA:122,4,0,0
BRDA:122,4,1,6
BRDA:135,5,0,0
BRDA:135,5,1,0
BRDA:135,5,2,0
BRDA:135,5,3,0
BRDA:135,5,4,0
BRDA:135,5,5,0
BRDA:135,5,6,0
BRDA:135,5,7,0
BRDA:135,5,8,13
BRDA:135,5,9,13
BRDA:151,6,0,0
BRDA:151,6,1,0
BRDA:160,7,0,0
BRDA:160,7,1,0
BRDA:183,8,0,0
BRDA:183,8,1,0
BRDA:185,9,0,0
BRDA:185,9,1,0
BRDA:207,10,0,0
BRDA:207,10,1,0
BRDA:207,10,2,0
BRDA:207,10,3,0
BRDA:207,10,4,0
BRDA:207,10,5,0
BRDA:207,10,6,0
BRDA:207,10,7,0
BRDA:207,10,8,13
BRDA:209,11,0,0
BRDA:209,11,1,0
BRDA:236,12,0,0
BRDA:236,12,1,0
BRDA:242,13,0,0
BRDA:242,13,1,0
BRDA:242,14,0,0
BRDA:242,14,1,0
BRDA:252,15,0,0
BRDA:252,15,1,0
BRDA:301,16,0,13
BRDA:301,16,1,0
BRDA:302,17,0,13
BRDA:302,17,1,13
BRDA:303,18,0,13
BRDA:303,18,1,13
BRDA:318,19,0,13
BRDA:318,19,1,0
BRDA:325,20,0,0
BRDA:325,20,1,13
BRDA:331,21,0,0
BRDA:331,21,1,0
BRDA:333,22,0,0
BRDA:333,22,1,0
BRDA:336,23,0,0
BRDA:336,23,1,0
BRDA:338,24,0,0
BRDA:338,24,1,0
BRDA:353,25,0,13
BRDA:353,25,1,0
BRDA:368,26,0,13
BRDA:368,26,1,13
BRDA:376,27,0,7
BRDA:376,27,1,6
BRDA:379,28,0,0
BRDA:379,28,1,7
BRDA:381,29,0,0
BRDA:381,29,1,0
BRDA:400,30,0,0
BRDA:400,30,1,0
BRDA:412,31,0,7
BRDA:412,31,1,6
BRDA:417,32,0,0
BRDA:417,32,1,7
BRDA:421,33,0,0
BRDA:421,33,1,0
BRDA:429,34,0,0
BRDA:429,34,1,0
BRDA:436,35,0,0
BRDA:436,35,1,7
BRDA:442,36,0,0
BRDA:442,36,1,13
BRDA:446,37,0,0
BRDA:446,37,1,0
BRF:91
BRH:28
end_of_record
TN:
SF:js/plugins/hydrata/Anuga/components/anugaInputMenu.js
FN:49,(anonymous_0)
FN:60,(anonymous_1)
FN:61,(anonymous_2)
FN:64,(anonymous_3)
FN:142,(anonymous_4)
FN:170,(anonymous_5)
FN:186,(anonymous_6)
FN:192,(anonymous_7)
FN:194,(anonymous_8)
FN:201,(anonymous_9)
FN:213,(anonymous_10)
FN:223,(anonymous_11)
FN:226,(anonymous_12)
FN:238,(anonymous_13)
FN:247,(anonymous_14)
FN:251,(anonymous_15)
FN:261,(anonymous_16)
FN:271,(anonymous_17)
FN:272,(anonymous_18)
FN:278,(anonymous_19)
FN:285,(anonymous_20)
FN:286,(anonymous_21)
FN:292,(anonymous_22)
FN:301,(anonymous_23)
FN:302,(anonymous_24)
FN:315,(anonymous_25)
FN:318,(anonymous_26)
FN:329,(anonymous_27)
FN:333,(anonymous_28)
FN:345,(anonymous_29)
FN:346,(anonymous_30)
FN:352,(anonymous_31)
FN:359,(anonymous_32)
FN:360,(anonymous_33)
FN:366,(anonymous_34)
FN:384,(anonymous_35)
FN:387,(anonymous_36)
FN:399,(anonymous_37)
FN:408,(anonymous_38)
FN:412,(anonymous_39)
FN:424,(anonymous_40)
FN:425,(anonymous_41)
FN:431,(anonymous_42)
FN:442,(anonymous_43)
FN:445,(anonymous_44)
FN:456,(anonymous_45)
FN:482,(anonymous_46)
FN:483,(anonymous_47)
FN:500,(anonymous_48)
FN:508,(anonymous_49)
FN:512,(anonymous_50)
FN:516,(anonymous_51)
FN:531,(anonymous_52)
FN:533,(anonymous_53)
FN:534,(anonymous_54)
FN:540,(anonymous_55)
FN:543,(anonymous_56)
FN:545,(anonymous_57)
FN:546,(anonymous_58)
FN:547,(anonymous_59)
FN:548,(anonymous_60)
FN:549,(anonymous_61)
FN:550,(anonymous_62)
FN:551,(anonymous_63)
FN:552,(anonymous_64)
FN:574,(anonymous_65)
FN:576,(anonymous_66)
FN:577,(anonymous_67)
FN:578,(anonymous_68)
FN:579,(anonymous_69)
FN:580,(anonymous_70)
FN:581,(anonymous_71)
FN:582,(anonymous_72)
FN:583,(anonymous_73)
FN:584,(anonymous_74)
FN:585,(anonymous_75)
FN:586,(anonymous_76)
FN:587,(anonymous_77)
FN:588,(anonymous_78)
FN:589,(anonymous_79)
FN:590,(anonymous_80)
FN:591,(anonymous_81)
FN:592,(anonymous_82)
FN:593,(anonymous_83)
FN:594,(anonymous_84)
FN:595,(anonymous_85)
FN:596,(anonymous_86)
FN:597,(anonymous_87)
FNF:88
FNH:7
FNDA:0,(anonymous_0)
FNDA:7,(anonymous_1)
FNDA:7,(anonymous_2)
FNDA:1,(anonymous_3)
FNDA:7,(anonymous_4)
FNDA:0,(anonymous_5)
FNDA:0,(anonymous_6)
FNDA:0,(anonymous_7)
FNDA:0,(anonymous_8)
FNDA:0,(anonymous_9)
FNDA:7,(anonymous_10)
FNDA:0,(anonymous_11)
FNDA:0,(anonymous_12)
FNDA:0,(anonymous_13)
FNDA:0,(anonymous_14)
FNDA:0,(anonymous_15)
FNDA:0,(anonymous_16)
FNDA:0,(anonymous_17)
FNDA:0,(anonymous_18)
FNDA:0,(anonymous_19)
FNDA:0,(anonymous_20)
FNDA:0,(anonymous_21)
FNDA:0,(anonymous_22)
FNDA:0,(anonymous_23)
FNDA:0,(anonymous_24)
FNDA:0,(anonymous_25)
FNDA:0,(anonymous_26)
FNDA:0,(anonymous_27)
FNDA:0,(anonymous_28)
FNDA:0,(anonymous_29)
FNDA:0,(anonymous_30)
FNDA:0,(anonymous_31)
FNDA:0,(anonymous_32)
FNDA:0,(anonymous_33)
FNDA:0,(anonymous_34)
FNDA:0,(anonymous_35)
FNDA:0,(anonymous_36)
FNDA:0,(anonymous_37)
FNDA:0,(anonymous_38)
FNDA:0,(anonymous_39)
FNDA:0,(anonymous_40)
FNDA:0,(anonymous_41)
FNDA:0,(anonymous_42)
FNDA:0,(anonymous_43)
FNDA:0,(anonymous_44)
FNDA:0,(anonymous_45)
FNDA:0,(anonymous_46)
FNDA:0,(anonymous_47)
FNDA:0,(anonymous_48)
FNDA:0,(anonymous_49)
FNDA:0,(anonymous_50)
FNDA:0,(anonymous_51)
FNDA:7,(anonymous_52)
FNDA:0,(anonymous_53)
FNDA:0,(anonymous_54)
FNDA:0,(anonymous_55)
FNDA:0,(anonymous_56)
FNDA:0,(anonymous_57)
FNDA:0,(anonymous_58)
FNDA:0,(anonymous_59)
FNDA:0,(anonymous_60)
FNDA:0,(anonymous_61)
FNDA:0,(anonymous_62)
FNDA:0,(anonymous_63)
FNDA:0,(anonymous_64)
FNDA:7,(anonymous_65)
FNDA:0,(anonymous_66)
FNDA:0,(anonymous_67)
FNDA:0,(anonymous_68)
FNDA:0,(anonymous_69)
FNDA:0,(anonymous_70)
FNDA:0,(anonymous_71)
FNDA:0,(anonymous_72)
FNDA:0,(anonymous_73)
FNDA:0,(anonymous_74)
FNDA:0,(anonymous_75)
FNDA:0,(anonymous_76)
FNDA:0,(anonymous_77)
FNDA:0,(anonymous_78)
FNDA:0,(anonymous_79)
FNDA:0,(anonymous_80)
FNDA:0,(anonymous_81)
FNDA:0,(anonymous_82)
FNDA:0,(anonymous_83)
FNDA:0,(anonymous_84)
FNDA:0,(anonymous_85)
FNDA:0,(anonymous_86)
FNDA:0,(anonymous_87)
DA:4,1
DA:42,1
DA:44,1
DA:45,1
DA:46,1
DA:47,1
DA:49,1
DA:50,0
DA:51,0
DA:52,0
DA:58,1
DA:60,7
DA:61,7
DA:65,1
DA:66,5
DA:67,1
DA:68,1
DA:69,1
DA:70,0
DA:71,0
DA:72,0
DA:73,0
DA:74,0
DA:75,0
DA:77,1
DA:82,1
DA:140,1
DA:143,7
DA:144,7
DA:174,0
DA:181,0
DA:182,0
DA:186,7
DA:187,0
DA:188,0
DA:189,0
DA:192,7
DA:193,0
DA:194,0
DA:195,0
DA:196,0
DA:197,0
DA:201,7
DA:202,0
DA:203,0
DA:204,0
DA:205,0
DA:206,0
DA:207,0
DA:209,0
DA:214,7
DA:223,0
DA:227,0
DA:228,0
DA:229,0
DA:239,0
DA:240,0
DA:247,0
DA:251,0
DA:261,0
DA:271,0
DA:272,0
DA:278,0
DA:285,0
DA:286,0
DA:292,0
DA:302,0
DA:303,0
DA:315,0
DA:319,0
DA:320,0
DA:321,0
DA:329,0
DA:333,0
DA:345,0
DA:346,0
DA:352,0
DA:359,0
DA:360,0
DA:366,0
DA:384,0
DA:388,0
DA:389,0
DA:390,0
DA:400,0
DA:401,0
DA:408,0
DA:412,0
DA:424,0
DA:425,0
DA:431,0
DA:442,0
DA:446,0
DA:447,0
DA:448,0
DA:457,0
DA:458,0
DA:459,0
DA:482,0
DA:484,0
DA:485,0
DA:486,0
DA:487,0
DA:488,0
DA:489,0
DA:500,0
DA:508,0
DA:512,0
DA:516,0
DA:531,1
DA:532,7
DA:533,7
DA:534,7
DA:535,7
DA:536,7
DA:538,7
DA:540,0
DA:543,0
DA:545,0
DA:546,0
DA:547,0
DA:548,0
DA:549,0
DA:550,0
DA:551,0
DA:552,0
DA:574,1
DA:575,7
DA:576,0
DA:577,0
DA:578,0
DA:579,0
DA:580,0
DA:581,0
DA:582,0
DA:583,0
DA:584,0
DA:585,0
DA:586,0
DA:587,0
DA:588,0
DA:589,0
DA:590,0
DA:591,0
DA:592,0
DA:593,0
DA:594,0
DA:595,0
DA:596,0
DA:597,0
DA:601,1
LF:151
LH:34
BRDA:50,0,0,0
BRDA:50,0,1,0
BRDA:50,1,0,0
BRDA:50,1,1,0
BRDA:52,2,0,0
BRDA:52,2,1,0
BRDA:60,3,0,7
BRDA:60,3,1,7
BRDA:61,4,0,7
BRDA:61,4,1,7
BRDA:67,5,0,0
BRDA:67,5,1,1
BRDA:71,6,0,0
BRDA:71,6,1,0
BRDA:71,7,0,0
BRDA:71,7,1,0
BRDA:72,8,0,0
BRDA:72,8,1,0
BRDA:73,9,0,0
BRDA:73,9,1,0
BRDA:75,10,0,0
BRDA:75,10,1,0
BRDA:174,11,0,0
BRDA:174,11,1,0
BRDA:175,12,0,0
BRDA:175,12,1,0
BRDA:175,12,2,0
BRDA:175,12,3,0
BRDA:196,13,0,0
BRDA:196,13,1,0
BRDA:202,14,0,0
BRDA:202,14,1,0
BRDA:204,15,0,0
BRDA:204,15,1,0
BRDA:227,16,0,0
BRDA:227,16,1,0
BRDA:227,17,0,0
BRDA:227,17,1,0
BRDA:245,18,0,0
BRDA:245,18,1,7
BRDA:248,19,0,0
BRDA:248,19,1,7
BRDA:251,20,0,7
BRDA:251,20,1,7
BRDA:252,21,0,7
BRDA:252,21,1,0
BRDA:252,22,0,7
BRDA:252,22,1,7
BRDA:258,23,0,7
BRDA:258,23,1,7
BRDA:264,24,0,7
BRDA:264,24,1,0
BRDA:299,25,0,0
BRDA:299,25,1,7
BRDA:308,26,0,0
BRDA:308,26,1,7
BRDA:319,27,0,0
BRDA:319,27,1,0
BRDA:319,28,0,0
BRDA:319,28,1,0
BRDA:327,29,0,0
BRDA:327,29,1,0
BRDA:330,30,0,0
BRDA:330,30,1,0
BRDA:333,31,0,0
BRDA:333,31,1,0
BRDA:334,32,0,0
BRDA:334,32,1,0
BRDA:334,33,0,0
BRDA:334,33,1,0
BRDA:388,34,0,0
BRDA:388,34,1,0
BRDA:388,35,0,0
BRDA:388,35,1,0
BRDA:406,36,0,0
BRDA:406,36,1,0
BRDA:409,37,0,0
BRDA:409,37,1,0
BRDA:412,38,0,0
BRDA:412,38,1,0
BRDA:413,39,0,0
BRDA:413,39,1,0
BRDA:413,40,0,0
BRDA:413,40,1,0
BRDA:446,41,0,0
BRDA:446,41,1,0
BRDA:446,42,0,0
BRDA:446,42,1,0
BRDA:462,43,0,0
BRDA:462,43,1,0
BRDA:465,44,0,0
BRDA:465,44,1,0
BRDA:468,45,0,0
BRDA:468,45,1,0
BRDA:470,46,0,0
BRDA:470,46,1,0
BRDA:474,47,0,0
BRDA:474,47,1,0
BRDA:484,48,0,0
BRDA:484,48,1,0
BRDA:484,49,0,0
BRDA:484,49,1,0
BRDA:487,50,0,0
BRDA:487,50,1,0
BRDA:498,51,0,0
BRDA:498,51,1,0
BRDA:501,52,0,0
BRDA:501,52,1,0
BRDA:504,53,0,0
BRDA:504,53,1,0
BRDA:536,54,0,0
BRDA:536,54,1,7
BRDA:537,55,0,7
BRDA:537,55,1,0
BRDA:537,56,0,7
BRDA:537,56,1,7
BRF:116
BRH:21
end_of_record
TN:
SF:js/plugins/hydrata/Anuga/components/anugaInputStarterCard.js
FN:36,(anonymous_0)
FN:44,(anonymous_1)
FN:46,(anonymous_2)
FNF:3
FNH:2
FNDA:14,(anonymous_0)
FNDA:7,(anonymous_1)
FNDA:0,(anonymous_2)
DA:5,1
DA:7,1
DA:36,1
DA:37,14
DA:38,7
DA:39,7
DA:41,0
DA:44,1
DA:45,7
DA:46,7
DA:47,0
DA:48,0
DA:51,7
DA:127,1
DA:132,1
LF:15
LH:12
BRDA:37,0,0,7
BRDA:37,0,1,7
BRDA:38,1,0,7
BRDA:38,1,1,0
BRDA:74,2,0,0
BRDA:74,2,1,7
BRF:6
BRH:4
end_of_record
TN:
SF:js/plugins/hydrata/Anuga/components/membershipPanel.js
FN:69,(anonymous_0)
FN:80,(anonymous_1)
FN:86,(anonymous_2)
FN:91,(anonymous_3)
FN:95,(anonymous_4)
FN:101,(anonymous_5)
FN:107,(anonymous_6)
FN:114,(anonymous_7)
FN:119,(anonymous_8)
FN:127,(anonymous_9)
FN:138,(anonymous_10)
FN:149,(anonymous_11)
FN:154,(anonymous_12)
FN:166,(anonymous_13)
FN:180,(anonymous_14)
FN:201,(anonymous_15)
FN:203,(anonymous_16)
FN:219,(anonymous_17)
FN:229,(anonymous_18)
FN:246,(anonymous_19)
FN:260,(anonymous_20)
FN:262,(anonymous_21)
FN:278,(anonymous_22)
FN:284,(anonymous_23)
FN:298,(anonymous_24)
FN:306,(anonymous_25)
FN:334,(anonymous_26)
FN:357,(anonymous_27)
FN:362,(anonymous_28)
FN:367,(anonymous_29)
FN:393,(anonymous_30)
FN:394,(anonymous_31)
FN:395,(anonymous_32)
FN:396,(anonymous_33)
FN:397,(anonymous_34)
FN:398,(anonymous_35)
FN:399,(anonymous_36)
FNF:37
FNH:16
FNDA:9,(anonymous_0)
FNDA:9,(anonymous_1)
FNDA:0,(anonymous_2)
FNDA:0,(anonymous_3)
FNDA:0,(anonymous_4)
FNDA:0,(anonymous_5)
FNDA:0,(anonymous_6)
FNDA:0,(anonymous_7)
FNDA:0,(anonymous_8)
FNDA:0,(anonymous_9)
FNDA:18,(anonymous_10)
FNDA:18,(anonymous_11)
FNDA:0,(anonymous_12)
FNDA:18,(anonymous_13)
FNDA:32,(anonymous_14)
FNDA:0,(anonymous_15)
FNDA:88,(anonymous_16)
FNDA:0,(anonymous_17)
FNDA:18,(anonymous_18)
FNDA:0,(anonymous_19)
FNDA:0,(anonymous_20)
FNDA:24,(anonymous_21)
FNDA:0,(anonymous_22)
FNDA:0,(anonymous_23)
FNDA:18,(anonymous_24)
FNDA:0,(anonymous_25)
FNDA:32,(anonymous_26)
FNDA:9,(anonymous_27)
FNDA:6,(anonymous_28)
FNDA:9,(anonymous_29)
FNDA:9,(anonymous_30)
FNDA:0,(anonymous_31)
FNDA:9,(anonymous_32)
FNDA:0,(anonymous_33)
FNDA:0,(anonymous_34)
FNDA:0,(anonymous_35)
FNDA:0,(anonymous_36)
DA:3,1
DA:28,1
DA:35,1
DA:42,1
DA:70,9
DA:71,9
DA:82,9
DA:83,9
DA:86,9
DA:87,0
DA:88,0
DA:89,0
DA:90,0
DA:92,0
DA:93,0
DA:96,0
DA:97,0
DA:101,9
DA:102,0
DA:103,0
DA:107,9
DA:108,0
DA:109,0
DA:110,0
DA:111,0
DA:114,9
DA:115,0
DA:116,0
DA:119,9
DA:121,0
DA:122,0
DA:123,0
DA:127,9
DA:128,0
DA:130,0
DA:131,0
DA:134,0
DA:135,0
DA:142,18
DA:143,6
DA:150,18
DA:154,0
DA:167,18
DA:190,32
DA:191,32
DA:192,32
DA:193,32
DA:201,0
DA:204,88
DA:219,0
DA:234,18
DA:235,6
DA:246,0
DA:260,0
DA:263,24
DA:279,0
DA:284,0
DA:299,18
DA:307,0
DA:308,0
DA:334,32
DA:357,1
DA:358,9
DA:359,3
DA:362,3
DA:363,6
DA:367,1
DA:368,9
DA:369,9
DA:370,9
DA:393,9
DA:394,0
DA:395,9
DA:396,0
DA:397,0
DA:398,0
DA:399,0
DA:402,1
LF:78
LH:40
BRDA:88,0,0,0
BRDA:88,0,1,0
BRDA:92,1,0,0
BRDA:92,1,1,0
BRDA:102,2,0,0
BRDA:102,2,1,0
BRDA:108,3,0,0
BRDA:108,3,1,0
BRDA:121,4,0,0
BRDA:121,4,1,0
BRDA:128,5,0,0
BRDA:128,5,1,0
BRDA:128,6,0,0
BRDA:128,6,1,0
BRDA:130,7,0,0
BRDA:130,7,1,0
BRDA:142,8,0,12
BRDA:142,8,1,6
BRDA:142,9,0,18
BRDA:142,9,1,12
BRDA:153,10,0,6
BRDA:153,10,1,12
BRDA:191,11,0,32
BRDA:191,11,1,26
BRDA:192,12,0,32
BRDA:192,12,1,26
BRDA:197,13,0,22
BRDA:197,13,1,10
BRDA:208,14,0,0
BRDA:208,14,1,10
BRDA:208,15,0,0
BRDA:208,15,1,10
BRDA:214,16,0,18
BRDA:214,16,1,14
BRDA:234,17,0,12
BRDA:234,17,1,6
BRDA:234,18,0,18
BRDA:234,18,1,12
BRDA:276,19,0,0
BRDA:276,19,1,6
BRDA:282,20,0,0
BRDA:282,20,1,0
BRDA:287,21,0,0
BRDA:287,21,1,0
[...]
FNDA:6,(anonymous_13)
FNDA:6,(anonymous_14)
FNDA:3,(anonymous_15)
FNDA:0,(anonymous_16)
FNDA:1,(anonymous_17)
FNDA:2,(anonymous_18)
FNDA:2,(anonymous_19)
FNDA:0,updateUrlQueryParameter
FNDA:0,resourceToPermissionEntry
FNDA:0,permissionsListsToCompact
FNDA:0,(anonymous_23)
FNDA:0,(anonymous_24)
FNDA:0,(anonymous_25)
FNDA:0,(anonymous_26)
FNDA:0,(anonymous_27)
FNDA:0,(anonymous_28)
FNDA:0,permissionsCompactToLists
FNDA:0,(anonymous_30)
FNDA:0,(anonymous_31)
FNDA:0,(anonymous_32)
FNDA:2,cleanCompactPermissions
FNDA:0,(anonymous_34)
FNDA:0,(anonymous_35)
FNDA:0,(anonymous_36)
FNDA:0,(anonymous_37)
FNDA:0,(anonymous_38)
FNDA:0,(anonymous_39)
FNDA:0,getGeoLimitsFromCompactPermissions
FNDA:0,(anonymous_41)
FNDA:0,(anonymous_42)
FNDA:0,(anonymous_43)
FNDA:0,(anonymous_44)
FNDA:11,(anonymous_45)
FNDA:12,(anonymous_46)
FNDA:10,(anonymous_47)
FNDA:0,(anonymous_48)
FNDA:0,(anonymous_49)
FNDA:0,(anonymous_50)
FNDA:0,(anonymous_51)
FNDA:0,(anonymous_52)
FNDA:1,(anonymous_53)
FNDA:0,(anonymous_54)
FNDA:0,(anonymous_55)
FNDA:1,(anonymous_56)
FNDA:0,(anonymous_57)
FNDA:1,(anonymous_58)
FNDA:0,(anonymous_59)
FNDA:0,(anonymous_60)
FNDA:1,(anonymous_61)
FNDA:0,(anonymous_62)
FNDA:1,(anonymous_63)
FNDA:6,(anonymous_64)
FNDA:0,(anonymous_65)
FNDA:0,(anonymous_66)
FNDA:1,(anonymous_67)
FNDA:0,(anonymous_68)
FNDA:5,(anonymous_69)
FNDA:1,(anonymous_70)
FNDA:0,(anonymous_71)
FNDA:0,(anonymous_72)
FNDA:1,(anonymous_73)
FNDA:0,(anonymous_74)
FNDA:1,(anonymous_75)
FNDA:0,(anonymous_76)
FNDA:0,(anonymous_77)
FNDA:1,(anonymous_78)
FNDA:0,(anonymous_79)
FNDA:0,(anonymous_80)
FNDA:0,(anonymous_81)
FNDA:0,(anonymous_82)
FNDA:0,(anonymous_83)
FNDA:0,(anonymous_84)
FNDA:0,(anonymous_85)
FNDA:0,(anonymous_86)
FNDA:0,(anonymous_87)
FNDA:0,(anonymous_88)
FNDA:0,(anonymous_89)
FNDA:0,(anonymous_90)
FNDA:0,(anonymous_91)
FNDA:0,(anonymous_92)
FNDA:1,(anonymous_93)
FNDA:0,(anonymous_94)
FNDA:0,(anonymous_95)
FNDA:1,(anonymous_96)
FNDA:1,(anonymous_97)
FNDA:2,(anonymous_98)
FNDA:0,(anonymous_99)
FNDA:0,(anonymous_100)
FNDA:1,(anonymous_101)
FNDA:1,(anonymous_102)
FNDA:1,parseStyleName
FNDA:0,cleanStyles
FNDA:0,(anonymous_105)
FNDA:0,(anonymous_106)
FNDA:2,getGeoNodeMapLayers
FNDA:6,(anonymous_108)
FNDA:2,(anonymous_109)
FNDA:5,toGeoNodeMapConfig
FNDA:6,compareBackgroundLayers
FNDA:8,toMapStoreMapConfig
FNDA:8,(anonymous_113)
FNDA:14,(anonymous_114)
FNDA:3,(anonymous_115)
FNDA:3,(anonymous_116)
FNDA:2,(anonymous_117)
FNDA:14,(anonymous_118)
FNDA:11,(anonymous_119)
FNDA:11,(anonymous_120)
FNDA:11,(anonymous_121)
FNDA:8,(anonymous_122)
FNDA:7,(anonymous_123)
FNDA:10,(anonymous_124)
FNDA:0,(anonymous_125)
FNDA:0,(anonymous_126)
FNDA:0,(anonymous_127)
FNDA:1,(anonymous_128)
FNDA:0,(anonymous_129)
FNDA:0,(anonymous_130)
FNDA:0,(anonymous_131)
FNDA:10,(anonymous_132)
FNDA:2,(anonymous_133)
FNDA:1,(anonymous_134)
FNDA:8,(anonymous_135)
FNDA:19,(anonymous_136)
FNDA:9,(anonymous_137)
FNDA:1,(anonymous_138)
FNDA:0,(anonymous_139)
FNDA:5,(anonymous_140)
FNDA:0,(anonymous_141)
FNDA:2,(anonymous_142)
FNDA:4,(anonymous_143)
FNDA:11,(anonymous_144)
FNDA:7,(anonymous_145)
FNDA:4,(anonymous_146)
FNDA:0,(anonymous_147)
FNDA:0,(anonymous_148)
FNDA:0,(anonymous_149)
FNDA:0,(anonymous_150)
FNDA:21,(anonymous_151)
FNDA:17,(anonymous_152)
FNDA:15,(anonymous_153)
FNDA:9,(anonymous_154)
FNDA:11,(anonymous_155)
FNDA:2,(anonymous_156)
DA:26,3
DA:27,3
DA:29,0
DA:32,0
DA:33,0
DA:34,0
DA:36,0
DA:40,0
DA:43,1
DA:55,1
DA:59,0
DA:64,0
DA:69,0
DA:73,1
DA:77,0
DA:82,0
DA:86,1
DA:87,1
DA:90,1
DA:91,1
DA:94,0
DA:97,1
DA:98,1
DA:101,1
DA:102,1
DA:105,0
DA:108,1
DA:109,1
DA:110,1
DA:112,1
DA:114,1
DA:116,1
DA:118,1
DA:120,1
DA:125,1
DA:126,2
DA:127,0
DA:133,0
DA:141,1
DA:142,7
DA:143,7
DA:144,7
DA:153,7
DA:161,1
DA:175,3
DA:177,3
DA:178,3
DA:185,3
DA:193,3
DA:195,0
DA:197,0
DA:208,3
DA:211,1
DA:212,1
DA:228,2
DA:229,2
DA:231,2
DA:233,2
DA:237,2
DA:238,2
DA:239,2
DA:277,0
DA:278,0
DA:288,0
DA:289,0
DA:298,0
DA:309,0
DA:311,0
DA:312,0
DA:314,0
DA:315,0
DA:317,0
DA:318,0
DA:323,0
DA:325,0
DA:328,0
DA:329,0
DA:335,2
DA:337,0
DA:338,0
DA:340,0
DA:341,0
DA:343,0
DA:344,0
DA:349,0
DA:351,0
DA:352,0
DA:354,0
DA:355,0
DA:357,0
DA:360,1
DA:361,11
DA:365,1
DA:374,1
DA:375,12
DA:378,10
DA:382,0
DA:383,0
DA:384,0
DA:385,0
DA:386,0
DA:390,1
DA:391,0
DA:394,0
DA:396,1
DA:397,0
DA:402,1
DA:403,0
DA:406,0
DA:407,1
DA:408,0
DA:413,1
DA:414,6
DA:415,0
DA:416,0
DA:417,1
DA:418,0
DA:419,5
DA:424,1
DA:425,0
DA:426,0
DA:427,1
DA:428,0
DA:433,1
DA:434,0
DA:435,0
DA:436,1
DA:437,0
DA:442,0
DA:443,0
DA:444,0
DA:445,0
DA:446,0
DA:450,1
DA:451,0
DA:452,0
DA:453,0
DA:455,0
DA:458,1
DA:459,0
DA:460,0
DA:461,0
DA:463,0
DA:466,1
DA:467,0
DA:468,0
DA:469,0
DA:470,0
DA:471,0
DA:474,0
DA:475,0
DA:476,0
DA:477,0
DA:509,1
DA:510,1
DA:513,1
DA:514,0
DA:517,1
DA:518,0
DA:529,1
DA:530,1
DA:533,2
DA:534,0
DA:535,0
DA:536,0
DA:537,0
DA:539,1
DA:549,1
DA:550,1
DA:554,1
DA:555,1
DA:556,1
DA:557,1
DA:558,1
DA:559,2
DA:560,2
DA:561,2
DA:562,2
DA:569,1
DA:572,1
DA:576,1
DA:577,1
DA:578,0
DA:580,1
DA:581,1
DA:583,0
DA:584,0
DA:586,0
DA:590,0
DA:591,0
DA:598,0
DA:602,2
DA:603,6
DA:605,2
DA:623,5
DA:624,4
DA:626,1
DA:627,1
DA:633,6
DA:641,8
DA:642,8
DA:643,8
DA:644,14
DA:645,3
DA:647,8
DA:649,2
DA:654,8
DA:655,14
DA:657,11
DA:658,11
DA:659,8
DA:671,3
DA:672,0
DA:674,3
DA:676,11
DA:679,8
DA:680,8
DA:681,10
DA:682,0
DA:684,0
DA:687,0
DA:688,0
DA:690,0
DA:691,0
DA:693,0
DA:694,0
DA:699,0
DA:702,8
DA:725,1
DA:727,1
DA:745,1
DA:747,0
DA:748,0
DA:749,0
DA:753,0
DA:754,0
DA:755,0
DA:757,0
DA:760,0
DA:767,0
DA:768,0
DA:773,0
DA:792,1
DA:793,10
DA:794,10
DA:795,10
DA:796,10
DA:797,4
DA:798,4
DA:800,6
DA:803,1
DA:804,2
DA:807,1
DA:808,1
DA:809,8
DA:810,19
DA:811,15
DA:812,4
DA:813,4
DA:814,0
DA:815,0
DA:817,0
DA:819,8
DA:820,3
DA:821,9
DA:822,9
DA:823,0
DA:824,0
DA:825,0
DA:826,0
DA:828,0
DA:830,3
DA:832,5
DA:835,1
DA:837,1
DA:840,1
DA:844,1
DA:845,1
DA:846,1
DA:852,1
DA:853,0
DA:856,1
DA:857,5
DA:858,5
DA:859,1
DA:861,4
DA:862,2
DA:864,0
DA:865,2
DA:866,2
DA:869,2
DA:872,1
DA:873,2
DA:874,2
DA:875,1
DA:877,2
DA:880,1
DA:881,4
DA:882,4
DA:883,2
DA:885,2
DA:888,1
DA:889,11
DA:890,11
DA:891,3
DA:892,3
DA:893,3
DA:894,3
DA:896,8
DA:899,1
DA:900,7
DA:901,7
DA:902,7
DA:903,7
DA:909,1
DA:917,0
DA:918,0
DA:919,0
DA:920,0
DA:921,0
DA:922,0
DA:923,0
DA:924,0
DA:925,0
DA:947,1
DA:948,0
DA:949,0
DA:951,0
DA:952,0
DA:954,0
DA:955,0
DA:956,0
DA:957,0
DA:962,0
DA:964,0
DA:966,0
DA:969,1
DA:970,21
DA:971,21
DA:972,21
DA:975,1
DA:976,15
DA:977,15
DA:978,15
DA:981,1
DA:982,11
DA:985,1
DA:986,2
DA:987,2
LF:349
LH:198
BRDA:26,0,0,3
BRDA:26,0,1,0
BRDA:33,1,0,0
BRDA:33,1,1,0
BRDA:33,2,0,0
BRDA:33,2,1,0
BRDA:33,2,2,0
BRDA:33,2,3,0
BRDA:59,3,0,0
BRDA:64,4,0,0
BRDA:69,5,0,0
BRDA:77,6,0,0
BRDA:82,7,0,0
BRDA:87,8,0,1
BRDA:87,9,0,1
BRDA:87,9,1,1
BRDA:90,10,0,1
BRDA:90,10,1,0
BRDA:98,11,0,1
BRDA:98,12,0,1
BRDA:98,12,1,1
BRDA:101,13,0,1
BRDA:101,13,1,0
BRDA:116,14,0,0
BRDA:116,14,1,0
BRDA:125,15,0,2
BRDA:141,16,0,1
BRDA:142,17,0,7
BRDA:142,17,1,4
BRDA:143,18,0,7
BRDA:143,18,1,5
BRDA:145,19,0,3
BRDA:145,19,1,4
BRDA:149,20,0,3
BRDA:149,20,1,2
BRDA:149,21,0,2
BRDA:149,21,1,1
BRDA:165,22,0,0
BRDA:178,23,0,3
BRDA:178,23,1,0
BRDA:181,24,0,0
BRDA:181,24,1,0
BRDA:193,25,0,0
BRDA:193,25,1,3
BRDA:195,26,0,0
BRDA:195,26,1,0
BRDA:201,27,0,0
BRDA:201,27,1,0
BRDA:202,28,0,0
BRDA:202,28,1,0
BRDA:208,29,0,1
BRDA:208,29,1,1
BRDA:208,29,2,2
BRDA:211,30,0,1
BRDA:211,30,1,0
BRDA:211,31,0,1
BRDA:211,31,1,1
BRDA:217,32,0,0
BRDA:217,32,1,1
BRDA:221,33,0,1
BRDA:221,33,1,0
BRDA:228,34,0,2
BRDA:228,34,1,2
BRDA:229,35,0,2
BRDA:229,35,1,0
BRDA:233,36,0,2
BRDA:233,36,1,2
BRDA:235,37,0,2
BRDA:236,38,0,2
BRDA:237,39,0,2
BRDA:237,39,1,2
BRDA:245,40,0,2
BRDA:245,40,1,0
BRDA:247,41,0,2
BRDA:247,41,1,0
BRDA:253,42,0,0
BRDA:253,42,1,2
BRDA:254,43,0,2
BRDA:254,43,1,0
BRDA:260,44,0,2
BRDA:260,44,1,2
BRDA:264,45,0,2
BRDA:264,45,1,2
BRDA:265,46,0,2
BRDA:265,46,1,0
BRDA:267,47,0,2
BRDA:267,47,1,2
BRDA:268,48,0,2
BRDA:268,48,1,0
BRDA:268,48,2,0
BRDA:276,49,0,0
BRDA:288,50,0,0
BRDA:288,50,1,0
BRDA:291,51,0,0
BRDA:291,51,1,0
BRDA:300,52,0,0
BRDA:300,52,1,0
BRDA:314,53,0,0
BRDA:314,53,1,0
BRDA:317,54,0,0
BRDA:317,54,1,0
BRDA:325,55,0,0
BRDA:325,55,1,0
BRDA:325,56,0,0
BRDA:325,56,1,0
BRDA:328,57,0,0
BRDA:328,57,1,0
BRDA:328,58,0,0
BRDA:328,58,1,0
BRDA:329,59,0,0
BRDA:329,59,1,0
BRDA:329,60,0,0
BRDA:329,60,1,0
BRDA:338,61,0,0
BRDA:338,61,1,0
BRDA:341,62,0,0
BRDA:341,62,1,0
BRDA:344,63,0,0
BRDA:344,63,1,0
BRDA:348,64,0,0
BRDA:348,65,0,0
BRDA:348,66,0,0
BRDA:375,67,0,12
BRDA:375,67,1,12
BRDA:375,67,2,7
BRDA:391,68,0,0
BRDA:391,68,1,0
BRDA:394,69,0,0
BRDA:394,69,1,0
BRDA:406,70,0,0
BRDA:406,70,1,0
BRDA:413,71,0,1
BRDA:413,71,1,1
BRDA:415,72,0,0
BRDA:415,72,1,0
BRDA:415,73,0,0
BRDA:415,73,1,0
BRDA:416,74,0,0
BRDA:416,74,1,0
BRDA:425,75,0,0
BRDA:425,75,1,0
BRDA:426,76,0,0
BRDA:426,76,1,0
BRDA:434,77,0,0
BRDA:434,77,1,0
BRDA:435,78,0,0
BRDA:435,78,1,0
BRDA:444,79,0,0
BRDA:444,79,1,0
BRDA:451,80,0,0
BRDA:451,80,1,0
BRDA:452,81,0,0
BRDA:452,82,0,0
BRDA:452,82,1,0
BRDA:459,83,0,0
BRDA:459,83,1,0
BRDA:460,84,0,0
BRDA:460,85,0,0
BRDA:460,85,1,0
BRDA:467,86,0,0
BRDA:467,87,0,0
BRDA:467,87,1,0
BRDA:469,88,0,0
BRDA:469,88,1,0
BRDA:471,89,0,0
BRDA:471,89,1,0
BRDA:471,89,2,0
BRDA:471,89,3,0
BRDA:484,90,0,0
BRDA:484,90,1,0
BRDA:489,91,0,0
BRDA:489,91,1,0
BRDA:494,92,0,0
BRDA:494,92,1,0
BRDA:530,93,0,1
BRDA:530,93,1,0
BRDA:533,94,0,0
BRDA:533,94,1,1
BRDA:537,95,0,0
BRDA:537,95,1,0
BRDA:549,96,0,1
BRDA:549,97,0,1
BRDA:551,98,0,0
BRDA:551,98,1,1
BRDA:552,99,0,0
BRDA:552,99,1,1
BRDA:559,100,0,2
BRDA:559,100,1,0
BRDA:561,101,0,2
BRDA:561,101,1,0
BRDA:577,102,0,0
BRDA:577,102,1,1
BRDA:580,103,0,1
BRDA:580,103,1,0
BRDA:583,104,0,0
BRDA:583,104,1,0
BRDA:583,105,0,0
BRDA:583,105,1,0
BRDA:589,106,0,0
BRDA:589,107,0,0
BRDA:593,108,0,0
BRDA:593,108,1,0
BRDA:593,108,2,0
BRDA:602,109,0,2
BRDA:602,109,1,0
BRDA:606,110,0,2
BRDA:606,110,1,2
BRDA:609,111,0,2
BRDA:609,111,1,0
BRDA:613,112,0,2
BRDA:613,112,1,2
BRDA:613,113,0,2
BRDA:613,113,1,0
BRDA:614,114,0,2
BRDA:614,114,1,0
BRDA:616,115,0,2
BRDA:616,115,1,1
BRDA:623,116,0,4
BRDA:623,116,1,1
BRDA:633,117,0,6
BRDA:633,117,1,5
BRDA:633,117,2,5
BRDA:633,117,3,5
BRDA:633,117,4,5
BRDA:641,118,0,0
BRDA:641,119,0,8
BRDA:641,119,1,0
BRDA:642,120,0,8
BRDA:642,120,1,0
BRDA:643,121,0,8
BRDA:643,121,1,0
BRDA:645,122,0,3
BRDA:645,122,1,3
BRDA:647,123,0,6
BRDA:647,123,1,2
BRDA:654,124,0,8
BRDA:654,124,1,0
BRDA:657,125,0,11
BRDA:657,125,1,11
BRDA:658,126,0,8
BRDA:658,126,1,3
BRDA:661,127,0,8
BRDA:661,127,1,2
BRDA:662,128,0,8
BRDA:662,128,1,8
BRDA:663,129,0,8
BRDA:663,129,1,4
BRDA:663,129,2,4
BRDA:671,130,0,0
BRDA:671,130,1,3
BRDA:671,131,0,3
BRDA:671,131,1,3
BRDA:681,132,0,10
BRDA:681,132,1,10
BRDA:687,133,0,0
BRDA:687,133,1,0
BRDA:687,134,0,0
BRDA:687,134,1,0
BRDA:690,135,0,0
BRDA:690,135,1,0
BRDA:693,136,0,0
BRDA:693,136,1,0
BRDA:693,137,0,0
BRDA:693,137,1,0
BRDA:725,138,0,0
BRDA:733,139,0,1
BRDA:733,139,1,1
BRDA:734,140,0,1
BRDA:734,140,1,0
BRDA:734,141,0,1
BRDA:734,141,1,1
BRDA:735,142,0,0
BRDA:735,142,1,0
BRDA:745,143,0,0
BRDA:749,144,0,0
BRDA:749,144,1,0
BRDA:754,145,0,0
BRDA:754,145,1,0
BRDA:754,146,0,0
BRDA:754,146,1,0
BRDA:754,146,2,0
BRDA:761,147,0,0
BRDA:761,147,1,0
BRDA:761,147,2,0
BRDA:763,148,0,0
BRDA:763,148,1,0
BRDA:764,149,0,0
BRDA:764,149,1,0
BRDA:764,149,2,0
BRDA:765,150,0,0
BRDA:765,150,1,0
BRDA:780,151,0,0
BRDA:780,151,1,0
BRDA:781,152,0,0
BRDA:781,152,1,0
BRDA:782,153,0,0
BRDA:782,153,1,0
BRDA:796,154,0,4
BRDA:796,154,1,6
BRDA:798,155,0,2
BRDA:798,155,1,2
BRDA:798,156,0,4
BRDA:798,156,1,4
BRDA:798,156,2,4
BRDA:800,157,0,3
BRDA:800,157,1,3
BRDA:800,158,0,6
BRDA:800,158,1,6
BRDA:810,159,0,15
BRDA:810,159,1,4
BRDA:810,160,0,19
BRDA:810,160,1,19
BRDA:812,161,0,4
BRDA:812,161,1,0
BRDA:812,162,0,4
BRDA:812,162,1,4
BRDA:814,163,0,0
BRDA:814,163,1,0
BRDA:814,164,0,0
BRDA:814,164,1,0
BRDA:819,165,0,3
BRDA:819,165,1,5
BRDA:821,166,0,9
BRDA:821,166,1,0
BRDA:821,167,0,9
BRDA:821,167,1,9
BRDA:823,168,0,0
BRDA:823,168,1,0
BRDA:823,169,0,0
BRDA:823,169,1,0
BRDA:825,170,0,0
BRDA:825,170,1,0
BRDA:825,171,0,0
BRDA:825,171,1,0
BRDA:830,172,0,3
BRDA:830,172,1,0
BRDA:832,173,0,5
BRDA:832,173,1,1
BRDA:845,174,0,1
BRDA:845,174,1,0
BRDA:848,175,0,1
BRDA:848,175,1,0
BRDA:853,176,0,0
BRDA:853,176,1,0
BRDA:858,177,0,1
BRDA:858,177,1,4
BRDA:861,178,0,2
BRDA:861,178,1,2
BRDA:862,179,0,2
BRDA:862,179,1,0
BRDA:865,180,0,2
BRDA:865,180,1,0
BRDA:874,181,0,1
BRDA:874,181,1,1
BRDA:880,182,0,1
BRDA:882,183,0,2
BRDA:882,183,1,2
BRDA:888,184,0,1
BRDA:889,185,0,11
BRDA:889,185,1,8
BRDA:890,186,0,3
BRDA:890,186,1,8
BRDA:891,187,0,3
BRDA:891,187,1,0
BRDA:892,188,0,3
BRDA:892,188,1,0
BRDA:893,189,0,0
BRDA:893,189,1,3
BRDA:893,190,0,3
BRDA:893,190,1,0
BRDA:899,191,0,1
BRDA:901,192,0,7
BRDA:901,192,1,5
BRDA:902,193,0,4
BRDA:902,193,1,2
BRDA:905,194,0,1
BRDA:905,194,1,6
BRDA:917,195,0,0
BRDA:917,195,1,0
BRDA:918,196,0,0
BRDA:918,196,1,0
BRDA:918,196,2,0
BRDA:919,197,0,0
BRDA:919,197,1,0
BRDA:919,197,2,0
BRDA:919,197,3,0
BRDA:920,198,0,0
BRDA:920,198,1,0
BRDA:920,198,2,0
BRDA:922,199,0,0
BRDA:922,199,1,0
BRDA:924,200,0,0
BRDA:924,200,1,0
BRDA:934,201,0,0
BRDA:934,201,1,0
BRDA:934,201,2,0
BRDA:948,202,0,0
BRDA:948,202,1,0
BRDA:951,203,0,0
BRDA:951,203,1,0
BRDA:951,204,0,0
BRDA:951,204,1,0
BRDA:954,205,0,0
BRDA:954,205,1,0
BRDA:955,206,0,0
BRDA:955,206,1,0
BRDA:970,207,0,21
BRDA:970,207,1,4
BRDA:972,208,0,21
BRDA:972,208,1,6
BRDA:976,209,0,15
BRDA:976,209,1,4
BRDA:978,210,0,15
BRDA:978,210,1,6
BRDA:982,211,0,11
BRDA:982,211,1,5
BRDA:986,212,0,2
BRDA:986,212,1,0
BRF:418
BRH:179
end_of_record
TN:
SF:js/utils/SearchUtils.js
FN:14,(anonymous_0)
FN:27,(anonymous_1)
FN:29,(anonymous_2)
FN:32,(anonymous_3)
FN:40,(anonymous_4)
FN:47,getUserName
FN:54,clearQueryParams
FN:57,(anonymous_7)
FN:69,getQueryFilters
FN:70,(anonymous_9)
FN:72,(anonymous_10)
FN:76,(anonymous_11)
FN:77,(anonymous_12)
FN:80,(anonymous_13)
FN:81,(anonymous_14)
FN:84,(anonymous_15)
FN:85,(anonymous_16)
FN:86,(anonymous_17)
FN:90,(anonymous_18)
FN:101,(anonymous_19)
FN:133,(anonymous_20)
FNF:21
FNH:9
FNDA:0,(anonymous_0)
FNDA:0,(anonymous_1)
FNDA:0,(anonymous_2)
FNDA:0,(anonymous_3)
FNDA:0,(anonymous_4)
FNDA:0,getUserName
FNDA:0,clearQueryParams
FNDA:0,(anonymous_7)
FNDA:0,getQueryFilters
FNDA:0,(anonymous_9)
FNDA:0,(anonymous_10)
FNDA:6,(anonymous_11)
FNDA:5,(anonymous_12)
FNDA:5,(anonymous_13)
FNDA:8,(anonymous_14)
FNDA:4,(anonymous_15)
FNDA:3,(anonymous_16)
FNDA:1,(anonymous_17)
FNDA:3,(anonymous_18)
FNDA:0,(anonymous_19)
FNDA:3,(anonymous_20)
DA:14,1
DA:21,0
DA:22,0
DA:24,0
DA:28,0
DA:29,0
DA:30,0
DA:32,0
DA:33,0
DA:37,0
DA:41,0
DA:48,0
DA:49,0
DA:51,0
DA:55,0
DA:56,0
DA:58,0
DA:66,0
DA:70,0
DA:72,0
DA:73,0
DA:76,1
DA:77,6
DA:80,1
DA:81,5
DA:82,8
DA:83,3
DA:84,4
DA:85,3
DA:86,1
DA:87,3
DA:91,3
DA:92,3
DA:93,3
DA:101,0
DA:106,5
DA:107,1
DA:116,4
DA:133,1
DA:135,3
DA:136,2
DA:138,1
DA:140,3
LF:43
LH:22
BRDA:22,0,0,0
BRDA:22,0,1,0
BRDA:24,1,0,0
BRDA:24,1,1,0
BRDA:25,2,0,0
BRDA:25,2,1,0
BRDA:30,3,0,0
BRDA:30,3,1,0
BRDA:39,4,0,0
BRDA:39,4,1,0
BRDA:41,5,0,0
BRDA:41,5,1,0
BRDA:41,6,0,0
BRDA:41,6,1,0
BRDA:48,7,0,0
BRDA:48,7,1,0
BRDA:48,8,0,0
BRDA:48,8,1,0
BRDA:58,9,0,0
BRDA:58,9,1,0
BRDA:58,10,0,0
BRDA:58,10,1,0
BRDA:58,10,2,0
BRDA:70,11,0,0
BRDA:70,11,1,0
BRDA:77,12,0,3
BRDA:77,12,1,2
BRDA:82,13,0,3
BRDA:82,13,1,5
BRDA:83,14,0,3
BRDA:83,14,1,0
BRDA:85,15,0,0
BRDA:85,15,1,3
BRDA:85,16,0,0
BRDA:85,16,1,3
BRDA:90,17,0,0
BRDA:91,18,0,3
BRDA:91,18,1,0
BRDA:92,19,0,3
BRDA:92,19,1,3
BRDA:100,20,0,0
BRDA:100,20,1,3
BRDA:106,21,0,1
BRDA:106,21,1,4
BRDA:111,22,0,1
BRDA:111,22,1,1
BRDA:120,23,0,4
BRDA:120,23,1,4
BRDA:135,24,0,2
BRDA:135,24,1,1
BRDA:136,25,0,2
BRDA:136,25,1,1
BRF:52
BRH:21
end_of_record
TN:
SF:js/utils/UploadUtils.js
FN:14,(anonymous_0)
FN:20,(anonymous_1)
FN:22,(anonymous_2)
FN:41,(anonymous_3)
FN:45,(anonymous_4)
FN:46,(anonymous_5)
FN:51,(anonymous_6)
FN:52,(anonymous_7)
FN:58,(anonymous_8)
FN:62,(anonymous_9)
FN:63,(anonymous_10)
FN:70,(anonymous_11)
FN:97,(anonymous_12)
FN:100,(anonymous_13)
FN:101,(anonymous_14)
FN:105,(anonymous_15)
FN:106,(anonymous_16)
FN:114,(anonymous_17)
FN:118,(anonymous_18)
FN:127,(anonymous_19)
FN:128,(anonymous_20)
FN:129,(anonymous_21)
FN:133,(anonymous_22)
FN:138,(anonymous_23)
FN:153,(anonymous_24)
FN:157,(anonymous_25)
FN:164,(anonymous_26)
FN:165,(anonymous_27)
FN:170,(anonymous_28)
FN:171,(anonymous_29)
FN:181,(anonymous_30)
FN:182,(anonymous_31)
FN:185,(anonymous_32)
FN:190,(anonymous_33)
FN:197,(anonymous_34)
FN:202,(anonymous_35)
FN:205,(anonymous_36)
FN:216,(anonymous_37)
FN:216,(anonymous_38)
FN:218,(anonymous_39)
FN:218,(anonymous_40)
FNF:41
FNH:31
FNDA:3,(anonymous_0)
FNDA:3,(anonymous_1)
FNDA:4,(anonymous_2)
FNDA:34,(anonymous_3)
FNDA:6,(anonymous_4)
FNDA:18,(anonymous_5)
FNDA:6,(anonymous_6)
FNDA:5,(anonymous_7)
FNDA:3,(anonymous_8)
FNDA:3,(anonymous_9)
FNDA:3,(anonymous_10)
FNDA:2,(anonymous_11)
FNDA:3,(anonymous_12)
FNDA:6,(anonymous_13)
FNDA:6,(anonymous_14)
FNDA:7,(anonymous_15)
FNDA:7,(anonymous_16)
FNDA:9,(anonymous_17)
FNDA:0,(anonymous_18)
FNDA:6,(anonymous_19)
FNDA:6,(anonymous_20)
FNDA:6,(anonymous_21)
FNDA:8,(anonymous_22)
FNDA:2,(anonymous_23)
FNDA:2,(anonymous_24)
FNDA:3,(anonymous_25)
FNDA:2,(anonymous_26)
FNDA:2,(anonymous_27)
FNDA:8,(anonymous_28)
FNDA:7,(anonymous_29)
FNDA:2,(anonymous_30)
FNDA:4,(anonymous_31)
FNDA:0,(anonymous_32)
FNDA:0,(anonymous_33)
FNDA:0,(anonymous_34)
FNDA:0,(anonymous_35)
FNDA:0,(anonymous_36)
FNDA:0,(anonymous_37)
FNDA:0,(anonymous_38)
FNDA:0,(anonymous_39)
FNDA:0,(anonymous_40)
DA:14,1
DA:15,3
DA:16,3
DA:17,3
DA:20,3
DA:22,1
DA:23,4
DA:28,4
DA:29,4
DA:30,2
DA:32,2
DA:33,1
DA:35,1
DA:36,1
DA:38,0
DA:41,1
DA:42,34
DA:45,1
DA:46,6
DA:47,18
DA:51,1
DA:52,6
DA:53,5
DA:54,0
DA:55,0
DA:57,5
DA:58,5
DA:59,3
DA:60,3
DA:61,3
DA:63,3
DA:67,0
DA:69,5
DA:70,2
DA:71,2
DA:72,2
DA:83,0
DA:86,3
DA:97,3
DA:100,1
DA:101,6
DA:102,6
DA:103,2
DA:105,4
DA:106,7
DA:108,4
DA:109,1
DA:114,9
DA:115,3
DA:116,3
DA:118,0
DA:127,1
DA:128,6
DA:129,6
DA:130,6
DA:131,0
DA:133,8
DA:135,6
DA:138,6
DA:139,6
DA:140,6
DA:153,1
DA:154,2
DA:157,1
DA:158,3
DA:159,1
DA:161,2
DA:164,1
DA:165,2
DA:166,2
DA:170,1
DA:171,8
DA:172,7
DA:174,8
DA:175,8
DA:176,2
DA:178,6
DA:181,1
DA:182,4
DA:185,1
DA:186,0
DA:187,0
DA:190,1
DA:191,0
DA:192,0
DA:193,0
DA:194,0
DA:197,1
DA:198,0
DA:199,0
DA:202,1
DA:203,0
DA:204,0
DA:205,0
DA:206,0
DA:213,0
DA:214,0
DA:215,0
DA:216,0
DA:218,0
LF:100
LH:76
BRDA:15,0,0,3
BRDA:15,0,1,1
BRDA:20,1,0,3
BRDA:20,1,1,2
BRDA:22,2,0,3
BRDA:23,3,0,4
BRDA:23,3,1,1
BRDA:28,4,0,4
BRDA:28,4,1,1
BRDA:29,5,0,2
BRDA:29,5,1,2
BRDA:32,6,0,1
BRDA:32,6,1,1
BRDA:35,7,0,1
BRDA:35,7,1,0
BRDA:41,8,0,1
BRDA:42,9,0,34
BRDA:42,9,1,1
BRDA:42,10,0,34
BRDA:42,10,1,10
BRDA:51,11,0,1
BRDA:51,12,0,1
BRDA:51,13,0,1
BRDA:51,14,0,1
BRDA:53,15,0,0
BRDA:53,15,1,5
BRDA:59,16,0,3
BRDA:59,16,1,0
BRDA:59,17,0,3
BRDA:59,17,1,3
BRDA:61,18,0,3
BRDA:61,18,1,0
BRDA:69,19,0,2
BRDA:69,19,1,3
BRDA:71,20,0,2
BRDA:71,20,1,0
BRDA:78,21,0,2
BRDA:78,21,1,2
BRDA:97,22,0,3
BRDA:97,22,1,0
BRDA:100,23,0,1
BRDA:100,24,0,1
BRDA:100,25,0,1
BRDA:102,26,0,2
BRDA:102,26,1,4
BRDA:102,27,0,6
BRDA:102,27,1,4
BRDA:108,28,0,1
BRDA:108,28,1,3
BRDA:120,29,0,1
BRDA:120,29,1,2
BRDA:120,30,0,3
BRDA:120,30,1,2
BRDA:127,31,0,1
BRDA:127,32,0,1
BRDA:128,33,0,6
BRDA:128,33,1,0
BRDA:128,34,0,6
BRDA:128,34,1,1
BRDA:130,35,0,0
BRDA:130,35,1,6
BRDA:133,36,0,6
BRDA:133,36,1,2
BRDA:135,37,0,6
BRDA:135,37,1,5
BRDA:135,37,2,4
BRDA:138,38,0,2
BRDA:138,38,1,4
BRDA:139,39,0,6
BRDA:139,39,1,5
BRDA:139,39,2,3
BRDA:153,40,0,1
BRDA:157,41,0,1
BRDA:158,42,0,1
BRDA:158,42,1,2
BRDA:159,43,0,0
BRDA:159,43,1,1
BRDA:159,44,0,1
BRDA:159,44,1,0
BRDA:165,45,0,1
BRDA:170,46,0,1
BRDA:175,47,0,2
BRDA:175,47,1,6
BRDA:176,48,0,1
BRDA:176,48,1,1
BRDA:182,49,0,0
BRDA:182,49,1,4
BRDA:186,50,0,0
BRDA:186,50,1,0
BRDA:192,51,0,0
BRDA:192,51,1,0
BRDA:198,52,0,0
BRDA:198,53,0,0
BRDA:198,53,1,0
BRDA:202,54,0,0
BRDA:203,55,0,0
BRDA:203,55,1,0
BRDA:213,56,0,0
BRDA:213,57,0,0
BRDA:213,57,1,0
BRDA:215,58,0,0
BRDA:215,58,1,0
BRDA:218,59,0,0
BRDA:218,59,1,0
BRF:104
BRH:76
end_of_record
TN:
SF:js/utils/analytics.js
FN:7,trackEvent
FNF:1
FNH:1
FNDA:21,trackEvent
DA:8,21
DA:9,0
LF:2
LH:1
BRDA:8,0,0,0
BRDA:8,0,1,21
BRF:2
BRH:1
end_of_record
